[2026-01-09T05:38:05.182+0000] {taskinstance.py:1957} INFO - Dependencies all met for dep_context=non-requeueable deps ti=<TaskInstance: stock_grok_pipeline.dbt_transform manual__2026-01-09T05:37:43.720439+00:00 [queued]>
[2026-01-09T05:38:05.201+0000] {taskinstance.py:1957} INFO - Dependencies all met for dep_context=requeueable deps ti=<TaskInstance: stock_grok_pipeline.dbt_transform manual__2026-01-09T05:37:43.720439+00:00 [queued]>
[2026-01-09T05:38:05.201+0000] {taskinstance.py:2171} INFO - Starting attempt 1 of 2
[2026-01-09T05:38:05.225+0000] {taskinstance.py:2192} INFO - Executing <Task(BashOperator): dbt_transform> on 2026-01-09 05:37:43.720439+00:00
[2026-01-09T05:38:05.242+0000] {standard_task_runner.py:60} INFO - Started process 1683 to run task
[2026-01-09T05:38:05.248+0000] {standard_task_runner.py:87} INFO - Running: ['***', 'tasks', 'run', 'stock_grok_pipeline', 'dbt_transform', 'manual__2026-01-09T05:37:43.720439+00:00', '--job-id', '7', '--raw', '--subdir', 'DAGS_FOLDER/stock_grok_pipeline.py', '--cfg-path', '/tmp/tmpge1s_rg7']
[2026-01-09T05:38:05.258+0000] {standard_task_runner.py:88} INFO - Job 7: Subtask dbt_transform
[2026-01-09T05:38:05.366+0000] {task_command.py:423} INFO - Running <TaskInstance: stock_grok_pipeline.dbt_transform manual__2026-01-09T05:37:43.720439+00:00 [running]> on host b3756c334e78
[2026-01-09T05:38:05.528+0000] {taskinstance.py:2481} INFO - Exporting env vars: AIRFLOW_CTX_DAG_OWNER='***' AIRFLOW_CTX_DAG_ID='stock_grok_pipeline' AIRFLOW_CTX_TASK_ID='dbt_transform' AIRFLOW_CTX_EXECUTION_DATE='2026-01-09T05:37:43.720439+00:00' AIRFLOW_CTX_TRY_NUMBER='1' AIRFLOW_CTX_DAG_RUN_ID='manual__2026-01-09T05:37:43.720439+00:00'
[2026-01-09T05:38:05.531+0000] {subprocess.py:63} INFO - Tmp dir root location: /tmp
[2026-01-09T05:38:05.532+0000] {subprocess.py:75} INFO - Running command: ['/usr/bin/bash', '-c', 'cd /dbt && dbt run --profiles-dir . --log-path /opt/***/logs']
[2026-01-09T05:38:05.567+0000] {subprocess.py:86} INFO - Output:
[2026-01-09T05:38:09.827+0000] {subprocess.py:93} INFO - [0m05:38:09  Running with dbt=1.8.8
[2026-01-09T05:38:10.560+0000] {subprocess.py:93} INFO - [0m05:38:10  Registered adapter: postgres=1.9.1
[2026-01-09T05:38:10.595+0000] {subprocess.py:93} INFO - [0m05:38:10  Unable to do partial parsing because saved manifest not found. Starting full parse.
[2026-01-09T05:38:13.861+0000] {subprocess.py:93} INFO - [0m05:38:13  Encountered an error:
[2026-01-09T05:38:13.862+0000] {subprocess.py:93} INFO - [Errno 13] Permission denied: '/dbt/target'
[2026-01-09T05:38:13.867+0000] {subprocess.py:93} INFO - [0m05:38:13  Traceback (most recent call last):
[2026-01-09T05:38:13.868+0000] {subprocess.py:93} INFO -   File "/home/***/.local/lib/python3.11/site-packages/dbt/cli/requires.py", line 138, in wrapper
[2026-01-09T05:38:13.868+0000] {subprocess.py:93} INFO -     result, success = func(*args, **kwargs)
[2026-01-09T05:38:13.869+0000] {subprocess.py:93} INFO -                       ^^^^^^^^^^^^^^^^^^^^^
[2026-01-09T05:38:13.869+0000] {subprocess.py:93} INFO -   File "/home/***/.local/lib/python3.11/site-packages/dbt/cli/requires.py", line 101, in wrapper
[2026-01-09T05:38:13.869+0000] {subprocess.py:93} INFO -     return func(*args, **kwargs)
[2026-01-09T05:38:13.869+0000] {subprocess.py:93} INFO -            ^^^^^^^^^^^^^^^^^^^^^
[2026-01-09T05:38:13.870+0000] {subprocess.py:93} INFO -   File "/home/***/.local/lib/python3.11/site-packages/dbt/cli/requires.py", line 218, in wrapper
[2026-01-09T05:38:13.870+0000] {subprocess.py:93} INFO -     return func(*args, **kwargs)
[2026-01-09T05:38:13.870+0000] {subprocess.py:93} INFO -            ^^^^^^^^^^^^^^^^^^^^^
[2026-01-09T05:38:13.871+0000] {subprocess.py:93} INFO -   File "/home/***/.local/lib/python3.11/site-packages/dbt/cli/requires.py", line 247, in wrapper
[2026-01-09T05:38:13.871+0000] {subprocess.py:93} INFO -     return func(*args, **kwargs)
[2026-01-09T05:38:13.871+0000] {subprocess.py:93} INFO -            ^^^^^^^^^^^^^^^^^^^^^
[2026-01-09T05:38:13.871+0000] {subprocess.py:93} INFO -   File "/home/***/.local/lib/python3.11/site-packages/dbt/cli/requires.py", line 294, in wrapper
[2026-01-09T05:38:13.872+0000] {subprocess.py:93} INFO -     return func(*args, **kwargs)
[2026-01-09T05:38:13.872+0000] {subprocess.py:93} INFO -            ^^^^^^^^^^^^^^^^^^^^^
[2026-01-09T05:38:13.874+0000] {subprocess.py:93} INFO -   File "/home/***/.local/lib/python3.11/site-packages/dbt/cli/requires.py", line 320, in wrapper
[2026-01-09T05:38:13.875+0000] {subprocess.py:93} INFO -     ctx.obj["manifest"] = parse_manifest(
[2026-01-09T05:38:13.875+0000] {subprocess.py:93} INFO -                           ^^^^^^^^^^^^^^^
[2026-01-09T05:38:13.875+0000] {subprocess.py:93} INFO -   File "/home/***/.local/lib/python3.11/site-packages/dbt/parser/manifest.py", line 1898, in parse_manifest
[2026-01-09T05:38:13.876+0000] {subprocess.py:93} INFO -     manifest = ManifestLoader.get_full_manifest(
[2026-01-09T05:38:13.876+0000] {subprocess.py:93} INFO -                ^^^^^^^^^^^^^^^^^^^^^^^^^^^^^^^^^
[2026-01-09T05:38:13.876+0000] {subprocess.py:93} INFO -   File "/home/***/.local/lib/python3.11/site-packages/dbt/parser/manifest.py", line 330, in get_full_manifest
[2026-01-09T05:38:13.877+0000] {subprocess.py:93} INFO -     manifest = loader.load()
[2026-01-09T05:38:13.877+0000] {subprocess.py:93} INFO -                ^^^^^^^^^^^^^
[2026-01-09T05:38:13.877+0000] {subprocess.py:93} INFO -   File "/home/***/.local/lib/python3.11/site-packages/dbt/parser/manifest.py", line 525, in load
[2026-01-09T05:38:13.877+0000] {subprocess.py:93} INFO -     self.write_manifest_for_partial_parse()
[2026-01-09T05:38:13.878+0000] {subprocess.py:93} INFO -   File "/home/***/.local/lib/python3.11/site-packages/dbt/parser/manifest.py", line 812, in write_manifest_for_partial_parse
[2026-01-09T05:38:13.878+0000] {subprocess.py:93} INFO -     make_directory(os.path.dirname(path))
[2026-01-09T05:38:13.878+0000] {subprocess.py:93} INFO -   File "/usr/local/lib/python3.11/functools.py", line 909, in wrapper
[2026-01-09T05:38:13.878+0000] {subprocess.py:93} INFO -     return dispatch(args[0].__class__)(*args, **kw)
[2026-01-09T05:38:13.879+0000] {subprocess.py:93} INFO -            ^^^^^^^^^^^^^^^^^^^^^^^^^^^^^^^^^^^^^^^^
[2026-01-09T05:38:13.879+0000] {subprocess.py:93} INFO -   File "/home/***/.local/lib/python3.11/site-packages/dbt_common/clients/system.py", line 209, in _
[2026-01-09T05:38:13.879+0000] {subprocess.py:93} INFO -     raise e
[2026-01-09T05:38:13.879+0000] {subprocess.py:93} INFO -   File "/home/***/.local/lib/python3.11/site-packages/dbt_common/clients/system.py", line 203, in _
[2026-01-09T05:38:13.880+0000] {subprocess.py:93} INFO -     os.makedirs(path)
[2026-01-09T05:38:13.881+0000] {subprocess.py:93} INFO -   File "<frozen os>", line 225, in makedirs
[2026-01-09T05:38:13.881+0000] {subprocess.py:93} INFO - PermissionError: [Errno 13] Permission denied: '/dbt/target'
[2026-01-09T05:38:13.881+0000] {subprocess.py:93} INFO - 
[2026-01-09T05:38:14.455+0000] {subprocess.py:97} INFO - Command exited with return code 2
[2026-01-09T05:38:14.484+0000] {taskinstance.py:2699} ERROR - Task failed with exception
Traceback (most recent call last):
  File "/home/airflow/.local/lib/python3.11/site-packages/airflow/models/taskinstance.py", line 433, in _execute_task
    result = execute_callable(context=context, **execute_callable_kwargs)
             ^^^^^^^^^^^^^^^^^^^^^^^^^^^^^^^^^^^^^^^^^^^^^^^^^^^^^^^^^^^^
  File "/home/airflow/.local/lib/python3.11/site-packages/airflow/operators/bash.py", line 212, in execute
    raise AirflowException(
airflow.exceptions.AirflowException: Bash command failed. The command returned a non-zero exit code 2.
[2026-01-09T05:38:14.494+0000] {taskinstance.py:1138} INFO - Marking task as UP_FOR_RETRY. dag_id=stock_grok_pipeline, task_id=dbt_transform, execution_date=20260109T053743, start_date=20260109T053805, end_date=20260109T053814
[2026-01-09T05:38:14.521+0000] {standard_task_runner.py:107} ERROR - Failed to execute job 7 for task dbt_transform (Bash command failed. The command returned a non-zero exit code 2.; 1683)
[2026-01-09T05:38:14.551+0000] {local_task_job_runner.py:234} INFO - Task exited with return code 1
[2026-01-09T05:38:14.607+0000] {taskinstance.py:3281} INFO - 0 downstream tasks scheduled from follow-on schedule check
