[2026-01-06T16:04:51.089+0000] {taskinstance.py:1957} INFO - Dependencies all met for dep_context=non-requeueable deps ti=<TaskInstance: stock_grok_pipeline.dbt_transform scheduled__2026-01-05T16:00:00+00:00 [queued]>
[2026-01-06T16:04:51.102+0000] {taskinstance.py:1957} INFO - Dependencies all met for dep_context=requeueable deps ti=<TaskInstance: stock_grok_pipeline.dbt_transform scheduled__2026-01-05T16:00:00+00:00 [queued]>
[2026-01-06T16:04:51.103+0000] {taskinstance.py:2171} INFO - Starting attempt 1 of 2
[2026-01-06T16:04:51.121+0000] {taskinstance.py:2192} INFO - Executing <Task(BashOperator): dbt_transform> on 2026-01-05 16:00:00+00:00
[2026-01-06T16:04:51.134+0000] {standard_task_runner.py:60} INFO - Started process 207 to run task
[2026-01-06T16:04:51.139+0000] {standard_task_runner.py:87} INFO - Running: ['***', 'tasks', 'run', 'stock_grok_pipeline', 'dbt_transform', 'scheduled__2026-01-05T16:00:00+00:00', '--job-id', '7', '--raw', '--subdir', 'DAGS_FOLDER/stock_grok_pipeline.py', '--cfg-path', '/tmp/tmp279b48xh']
[2026-01-06T16:04:51.144+0000] {standard_task_runner.py:88} INFO - Job 7: Subtask dbt_transform
[2026-01-06T16:04:51.240+0000] {task_command.py:423} INFO - Running <TaskInstance: stock_grok_pipeline.dbt_transform scheduled__2026-01-05T16:00:00+00:00 [running]> on host 261f37d3c382
[2026-01-06T16:04:51.382+0000] {taskinstance.py:2481} INFO - Exporting env vars: AIRFLOW_CTX_DAG_OWNER='***' AIRFLOW_CTX_DAG_ID='stock_grok_pipeline' AIRFLOW_CTX_TASK_ID='dbt_transform' AIRFLOW_CTX_EXECUTION_DATE='2026-01-05T16:00:00+00:00' AIRFLOW_CTX_TRY_NUMBER='1' AIRFLOW_CTX_DAG_RUN_ID='scheduled__2026-01-05T16:00:00+00:00'
[2026-01-06T16:04:51.385+0000] {subprocess.py:63} INFO - Tmp dir root location: /tmp
[2026-01-06T16:04:51.386+0000] {subprocess.py:75} INFO - Running command: ['/usr/bin/bash', '-c', 'cd /dbt && dbt run --profiles-dir .']
[2026-01-06T16:04:51.410+0000] {subprocess.py:86} INFO - Output:
[2026-01-06T16:04:55.448+0000] {subprocess.py:97} INFO - Command exited with return code 2
[2026-01-06T16:04:55.477+0000] {taskinstance.py:2699} ERROR - Task failed with exception
Traceback (most recent call last):
  File "/home/airflow/.local/lib/python3.11/site-packages/airflow/models/taskinstance.py", line 433, in _execute_task
    result = execute_callable(context=context, **execute_callable_kwargs)
             ^^^^^^^^^^^^^^^^^^^^^^^^^^^^^^^^^^^^^^^^^^^^^^^^^^^^^^^^^^^^
  File "/home/airflow/.local/lib/python3.11/site-packages/airflow/operators/bash.py", line 212, in execute
    raise AirflowException(
airflow.exceptions.AirflowException: Bash command failed. The command returned a non-zero exit code 2.
[2026-01-06T16:04:55.487+0000] {taskinstance.py:1138} INFO - Marking task as UP_FOR_RETRY. dag_id=stock_grok_pipeline, task_id=dbt_transform, execution_date=20260105T160000, start_date=20260106T160451, end_date=20260106T160455
[2026-01-06T16:04:55.511+0000] {standard_task_runner.py:107} ERROR - Failed to execute job 7 for task dbt_transform (Bash command failed. The command returned a non-zero exit code 2.; 207)
[2026-01-06T16:04:55.567+0000] {local_task_job_runner.py:234} INFO - Task exited with return code 1
[2026-01-06T16:04:55.614+0000] {taskinstance.py:3281} INFO - 0 downstream tasks scheduled from follow-on schedule check
[2026-01-06T16:22:38.583+0000] {taskinstance.py:1957} INFO - Dependencies all met for dep_context=non-requeueable deps ti=<TaskInstance: stock_grok_pipeline.dbt_transform scheduled__2026-01-05T16:00:00+00:00 [queued]>
[2026-01-06T16:22:38.603+0000] {taskinstance.py:1957} INFO - Dependencies all met for dep_context=requeueable deps ti=<TaskInstance: stock_grok_pipeline.dbt_transform scheduled__2026-01-05T16:00:00+00:00 [queued]>
[2026-01-06T16:22:38.603+0000] {taskinstance.py:2171} INFO - Starting attempt 1 of 2
[2026-01-06T16:22:38.634+0000] {taskinstance.py:2192} INFO - Executing <Task(BashOperator): dbt_transform> on 2026-01-05 16:00:00+00:00
[2026-01-06T16:22:38.650+0000] {standard_task_runner.py:60} INFO - Started process 237 to run task
[2026-01-06T16:22:38.657+0000] {standard_task_runner.py:87} INFO - Running: ['***', 'tasks', 'run', 'stock_grok_pipeline', 'dbt_transform', 'scheduled__2026-01-05T16:00:00+00:00', '--job-id', '7', '--raw', '--subdir', 'DAGS_FOLDER/stock_grok_pipeline.py', '--cfg-path', '/tmp/tmpm2yz6ryu']
[2026-01-06T16:22:38.663+0000] {standard_task_runner.py:88} INFO - Job 7: Subtask dbt_transform
[2026-01-06T16:22:38.805+0000] {task_command.py:423} INFO - Running <TaskInstance: stock_grok_pipeline.dbt_transform scheduled__2026-01-05T16:00:00+00:00 [running]> on host fa2fa317ee9e
[2026-01-06T16:22:38.982+0000] {taskinstance.py:2481} INFO - Exporting env vars: AIRFLOW_CTX_DAG_OWNER='***' AIRFLOW_CTX_DAG_ID='stock_grok_pipeline' AIRFLOW_CTX_TASK_ID='dbt_transform' AIRFLOW_CTX_EXECUTION_DATE='2026-01-05T16:00:00+00:00' AIRFLOW_CTX_TRY_NUMBER='1' AIRFLOW_CTX_DAG_RUN_ID='scheduled__2026-01-05T16:00:00+00:00'
[2026-01-06T16:22:38.986+0000] {subprocess.py:63} INFO - Tmp dir root location: /tmp
[2026-01-06T16:22:38.987+0000] {subprocess.py:75} INFO - Running command: ['/usr/bin/bash', '-c', 'cd /dbt && dbt run --profiles-dir .']
[2026-01-06T16:22:39.012+0000] {subprocess.py:86} INFO - Output:
[2026-01-06T16:22:44.185+0000] {subprocess.py:97} INFO - Command exited with return code 2
[2026-01-06T16:22:44.254+0000] {taskinstance.py:2699} ERROR - Task failed with exception
Traceback (most recent call last):
  File "/home/airflow/.local/lib/python3.11/site-packages/airflow/models/taskinstance.py", line 433, in _execute_task
    result = execute_callable(context=context, **execute_callable_kwargs)
             ^^^^^^^^^^^^^^^^^^^^^^^^^^^^^^^^^^^^^^^^^^^^^^^^^^^^^^^^^^^^
  File "/home/airflow/.local/lib/python3.11/site-packages/airflow/operators/bash.py", line 212, in execute
    raise AirflowException(
airflow.exceptions.AirflowException: Bash command failed. The command returned a non-zero exit code 2.
[2026-01-06T16:22:44.266+0000] {taskinstance.py:1138} INFO - Marking task as UP_FOR_RETRY. dag_id=stock_grok_pipeline, task_id=dbt_transform, execution_date=20260105T160000, start_date=20260106T162238, end_date=20260106T162244
[2026-01-06T16:22:44.300+0000] {standard_task_runner.py:107} ERROR - Failed to execute job 7 for task dbt_transform (Bash command failed. The command returned a non-zero exit code 2.; 237)
[2026-01-06T16:22:44.366+0000] {local_task_job_runner.py:234} INFO - Task exited with return code 1
[2026-01-06T16:22:44.469+0000] {taskinstance.py:3281} INFO - 0 downstream tasks scheduled from follow-on schedule check
[2026-01-07T06:31:21.336+0000] {taskinstance.py:1957} INFO - Dependencies all met for dep_context=non-requeueable deps ti=<TaskInstance: stock_grok_pipeline.dbt_transform scheduled__2026-01-05T16:00:00+00:00 [queued]>
[2026-01-07T06:31:21.371+0000] {taskinstance.py:1957} INFO - Dependencies all met for dep_context=requeueable deps ti=<TaskInstance: stock_grok_pipeline.dbt_transform scheduled__2026-01-05T16:00:00+00:00 [queued]>
[2026-01-07T06:31:21.372+0000] {taskinstance.py:2171} INFO - Starting attempt 1 of 2
[2026-01-07T06:31:21.402+0000] {taskinstance.py:2192} INFO - Executing <Task(BashOperator): dbt_transform> on 2026-01-05 16:00:00+00:00
[2026-01-07T06:31:21.428+0000] {standard_task_runner.py:60} INFO - Started process 7679 to run task
[2026-01-07T06:31:21.438+0000] {standard_task_runner.py:87} INFO - Running: ['***', 'tasks', 'run', 'stock_grok_pipeline', 'dbt_transform', 'scheduled__2026-01-05T16:00:00+00:00', '--job-id', '6', '--raw', '--subdir', 'DAGS_FOLDER/stock_grok_pipeline.py', '--cfg-path', '/tmp/tmp5hmlcks2']
[2026-01-07T06:31:21.445+0000] {standard_task_runner.py:88} INFO - Job 6: Subtask dbt_transform
[2026-01-07T06:31:21.620+0000] {task_command.py:423} INFO - Running <TaskInstance: stock_grok_pipeline.dbt_transform scheduled__2026-01-05T16:00:00+00:00 [running]> on host 24bf3341c062
[2026-01-07T06:31:21.923+0000] {taskinstance.py:2481} INFO - Exporting env vars: AIRFLOW_CTX_DAG_OWNER='***' AIRFLOW_CTX_DAG_ID='stock_grok_pipeline' AIRFLOW_CTX_TASK_ID='dbt_transform' AIRFLOW_CTX_EXECUTION_DATE='2026-01-05T16:00:00+00:00' AIRFLOW_CTX_TRY_NUMBER='1' AIRFLOW_CTX_DAG_RUN_ID='scheduled__2026-01-05T16:00:00+00:00'
[2026-01-07T06:31:21.926+0000] {subprocess.py:63} INFO - Tmp dir root location: /tmp
[2026-01-07T06:31:21.928+0000] {subprocess.py:75} INFO - Running command: ['/usr/bin/bash', '-c', 'cd /dbt && dbt run --profiles-dir . --log-path /opt/***/logs']
[2026-01-07T06:31:22.011+0000] {subprocess.py:86} INFO - Output:
[2026-01-07T06:31:27.643+0000] {subprocess.py:93} INFO - [0m06:31:27  Running with dbt=1.8.8
[2026-01-07T06:31:28.176+0000] {subprocess.py:93} INFO - [0m06:31:28  Registered adapter: postgres=1.9.1
[2026-01-07T06:31:28.206+0000] {subprocess.py:93} INFO - [0m06:31:28  Unable to do partial parsing because saved manifest not found. Starting full parse.
[2026-01-07T06:31:31.277+0000] {subprocess.py:93} INFO - [0m06:31:31  Encountered an error:
[2026-01-07T06:31:31.278+0000] {subprocess.py:93} INFO - [Errno 13] Permission denied: '/dbt/target'
[2026-01-07T06:31:31.400+0000] {subprocess.py:93} INFO - [0m06:31:31  Traceback (most recent call last):
[2026-01-07T06:31:31.401+0000] {subprocess.py:93} INFO -   File "/home/***/.local/lib/python3.11/site-packages/dbt/cli/requires.py", line 138, in wrapper
[2026-01-07T06:31:31.402+0000] {subprocess.py:93} INFO -     result, success = func(*args, **kwargs)
[2026-01-07T06:31:31.402+0000] {subprocess.py:93} INFO -                       ^^^^^^^^^^^^^^^^^^^^^
[2026-01-07T06:31:31.402+0000] {subprocess.py:93} INFO -   File "/home/***/.local/lib/python3.11/site-packages/dbt/cli/requires.py", line 101, in wrapper
[2026-01-07T06:31:31.402+0000] {subprocess.py:93} INFO -     return func(*args, **kwargs)
[2026-01-07T06:31:31.403+0000] {subprocess.py:93} INFO -            ^^^^^^^^^^^^^^^^^^^^^
[2026-01-07T06:31:31.403+0000] {subprocess.py:93} INFO -   File "/home/***/.local/lib/python3.11/site-packages/dbt/cli/requires.py", line 218, in wrapper
[2026-01-07T06:31:31.406+0000] {subprocess.py:93} INFO -     return func(*args, **kwargs)
[2026-01-07T06:31:31.406+0000] {subprocess.py:93} INFO -            ^^^^^^^^^^^^^^^^^^^^^
[2026-01-07T06:31:31.406+0000] {subprocess.py:93} INFO -   File "/home/***/.local/lib/python3.11/site-packages/dbt/cli/requires.py", line 247, in wrapper
[2026-01-07T06:31:31.407+0000] {subprocess.py:93} INFO -     return func(*args, **kwargs)
[2026-01-07T06:31:31.407+0000] {subprocess.py:93} INFO -            ^^^^^^^^^^^^^^^^^^^^^
[2026-01-07T06:31:31.409+0000] {subprocess.py:93} INFO -   File "/home/***/.local/lib/python3.11/site-packages/dbt/cli/requires.py", line 294, in wrapper
[2026-01-07T06:31:31.410+0000] {subprocess.py:93} INFO -     return func(*args, **kwargs)
[2026-01-07T06:31:31.410+0000] {subprocess.py:93} INFO -            ^^^^^^^^^^^^^^^^^^^^^
[2026-01-07T06:31:31.410+0000] {subprocess.py:93} INFO -   File "/home/***/.local/lib/python3.11/site-packages/dbt/cli/requires.py", line 320, in wrapper
[2026-01-07T06:31:31.411+0000] {subprocess.py:93} INFO -     ctx.obj["manifest"] = parse_manifest(
[2026-01-07T06:31:31.411+0000] {subprocess.py:93} INFO -                           ^^^^^^^^^^^^^^^
[2026-01-07T06:31:31.411+0000] {subprocess.py:93} INFO -   File "/home/***/.local/lib/python3.11/site-packages/dbt/parser/manifest.py", line 1898, in parse_manifest
[2026-01-07T06:31:31.412+0000] {subprocess.py:93} INFO -     manifest = ManifestLoader.get_full_manifest(
[2026-01-07T06:31:31.412+0000] {subprocess.py:93} INFO -                ^^^^^^^^^^^^^^^^^^^^^^^^^^^^^^^^^
[2026-01-07T06:31:31.413+0000] {subprocess.py:93} INFO -   File "/home/***/.local/lib/python3.11/site-packages/dbt/parser/manifest.py", line 330, in get_full_manifest
[2026-01-07T06:31:31.413+0000] {subprocess.py:93} INFO -     manifest = loader.load()
[2026-01-07T06:31:31.413+0000] {subprocess.py:93} INFO -                ^^^^^^^^^^^^^
[2026-01-07T06:31:31.414+0000] {subprocess.py:93} INFO -   File "/home/***/.local/lib/python3.11/site-packages/dbt/parser/manifest.py", line 525, in load
[2026-01-07T06:31:31.414+0000] {subprocess.py:93} INFO -     self.write_manifest_for_partial_parse()
[2026-01-07T06:31:31.414+0000] {subprocess.py:93} INFO -   File "/home/***/.local/lib/python3.11/site-packages/dbt/parser/manifest.py", line 812, in write_manifest_for_partial_parse
[2026-01-07T06:31:31.415+0000] {subprocess.py:93} INFO -     make_directory(os.path.dirname(path))
[2026-01-07T06:31:31.415+0000] {subprocess.py:93} INFO -   File "/usr/local/lib/python3.11/functools.py", line 909, in wrapper
[2026-01-07T06:31:31.415+0000] {subprocess.py:93} INFO -     return dispatch(args[0].__class__)(*args, **kw)
[2026-01-07T06:31:31.416+0000] {subprocess.py:93} INFO -            ^^^^^^^^^^^^^^^^^^^^^^^^^^^^^^^^^^^^^^^^
[2026-01-07T06:31:31.416+0000] {subprocess.py:93} INFO -   File "/home/***/.local/lib/python3.11/site-packages/dbt_common/clients/system.py", line 209, in _
[2026-01-07T06:31:31.416+0000] {subprocess.py:93} INFO -     raise e
[2026-01-07T06:31:31.417+0000] {subprocess.py:93} INFO -   File "/home/***/.local/lib/python3.11/site-packages/dbt_common/clients/system.py", line 203, in _
[2026-01-07T06:31:31.417+0000] {subprocess.py:93} INFO -     os.makedirs(path)
[2026-01-07T06:31:31.417+0000] {subprocess.py:93} INFO -   File "<frozen os>", line 225, in makedirs
[2026-01-07T06:31:31.418+0000] {subprocess.py:93} INFO - PermissionError: [Errno 13] Permission denied: '/dbt/target'
[2026-01-07T06:31:31.418+0000] {subprocess.py:93} INFO - 
[2026-01-07T06:31:32.079+0000] {subprocess.py:97} INFO - Command exited with return code 2
[2026-01-07T06:31:32.119+0000] {taskinstance.py:2699} ERROR - Task failed with exception
Traceback (most recent call last):
  File "/home/airflow/.local/lib/python3.11/site-packages/airflow/models/taskinstance.py", line 433, in _execute_task
    result = execute_callable(context=context, **execute_callable_kwargs)
             ^^^^^^^^^^^^^^^^^^^^^^^^^^^^^^^^^^^^^^^^^^^^^^^^^^^^^^^^^^^^
  File "/home/airflow/.local/lib/python3.11/site-packages/airflow/operators/bash.py", line 212, in execute
    raise AirflowException(
airflow.exceptions.AirflowException: Bash command failed. The command returned a non-zero exit code 2.
[2026-01-07T06:31:32.130+0000] {taskinstance.py:1138} INFO - Marking task as UP_FOR_RETRY. dag_id=stock_grok_pipeline, task_id=dbt_transform, execution_date=20260105T160000, start_date=20260107T063121, end_date=20260107T063132
[2026-01-07T06:31:32.165+0000] {standard_task_runner.py:107} ERROR - Failed to execute job 6 for task dbt_transform (Bash command failed. The command returned a non-zero exit code 2.; 7679)
[2026-01-07T06:31:32.224+0000] {local_task_job_runner.py:234} INFO - Task exited with return code 1
[2026-01-07T06:31:32.284+0000] {taskinstance.py:3281} INFO - 0 downstream tasks scheduled from follow-on schedule check
