[2026-01-06T16:09:59.861+0000] {taskinstance.py:1957} INFO - Dependencies all met for dep_context=non-requeueable deps ti=<TaskInstance: stock_grok_pipeline.dbt_transform scheduled__2026-01-05T16:00:00+00:00 [queued]>
[2026-01-06T16:09:59.876+0000] {taskinstance.py:1957} INFO - Dependencies all met for dep_context=requeueable deps ti=<TaskInstance: stock_grok_pipeline.dbt_transform scheduled__2026-01-05T16:00:00+00:00 [queued]>
[2026-01-06T16:09:59.876+0000] {taskinstance.py:2171} INFO - Starting attempt 2 of 2
[2026-01-06T16:09:59.897+0000] {taskinstance.py:2192} INFO - Executing <Task(BashOperator): dbt_transform> on 2026-01-05 16:00:00+00:00
[2026-01-06T16:09:59.911+0000] {standard_task_runner.py:60} INFO - Started process 268 to run task
[2026-01-06T16:09:59.919+0000] {standard_task_runner.py:87} INFO - Running: ['***', 'tasks', 'run', 'stock_grok_pipeline', 'dbt_transform', 'scheduled__2026-01-05T16:00:00+00:00', '--job-id', '9', '--raw', '--subdir', 'DAGS_FOLDER/stock_grok_pipeline.py', '--cfg-path', '/tmp/tmpp2mbet63']
[2026-01-06T16:09:59.930+0000] {standard_task_runner.py:88} INFO - Job 9: Subtask dbt_transform
[2026-01-06T16:10:00.032+0000] {task_command.py:423} INFO - Running <TaskInstance: stock_grok_pipeline.dbt_transform scheduled__2026-01-05T16:00:00+00:00 [running]> on host 261f37d3c382
[2026-01-06T16:10:00.243+0000] {taskinstance.py:2481} INFO - Exporting env vars: AIRFLOW_CTX_DAG_OWNER='***' AIRFLOW_CTX_DAG_ID='stock_grok_pipeline' AIRFLOW_CTX_TASK_ID='dbt_transform' AIRFLOW_CTX_EXECUTION_DATE='2026-01-05T16:00:00+00:00' AIRFLOW_CTX_TRY_NUMBER='2' AIRFLOW_CTX_DAG_RUN_ID='scheduled__2026-01-05T16:00:00+00:00'
[2026-01-06T16:10:00.248+0000] {subprocess.py:63} INFO - Tmp dir root location: /tmp
[2026-01-06T16:10:00.249+0000] {subprocess.py:75} INFO - Running command: ['/usr/bin/bash', '-c', 'cd /dbt && dbt run --profiles-dir .']
[2026-01-06T16:10:00.277+0000] {subprocess.py:86} INFO - Output:
[2026-01-06T16:10:04.904+0000] {subprocess.py:97} INFO - Command exited with return code 2
[2026-01-06T16:10:04.942+0000] {taskinstance.py:2699} ERROR - Task failed with exception
Traceback (most recent call last):
  File "/home/airflow/.local/lib/python3.11/site-packages/airflow/models/taskinstance.py", line 433, in _execute_task
    result = execute_callable(context=context, **execute_callable_kwargs)
             ^^^^^^^^^^^^^^^^^^^^^^^^^^^^^^^^^^^^^^^^^^^^^^^^^^^^^^^^^^^^
  File "/home/airflow/.local/lib/python3.11/site-packages/airflow/operators/bash.py", line 212, in execute
    raise AirflowException(
airflow.exceptions.AirflowException: Bash command failed. The command returned a non-zero exit code 2.
[2026-01-06T16:10:04.953+0000] {taskinstance.py:1138} INFO - Marking task as FAILED. dag_id=stock_grok_pipeline, task_id=dbt_transform, execution_date=20260105T160000, start_date=20260106T160959, end_date=20260106T161004
[2026-01-06T16:10:04.984+0000] {standard_task_runner.py:107} ERROR - Failed to execute job 9 for task dbt_transform (Bash command failed. The command returned a non-zero exit code 2.; 268)
[2026-01-06T16:10:05.013+0000] {local_task_job_runner.py:234} INFO - Task exited with return code 1
[2026-01-06T16:10:05.062+0000] {taskinstance.py:3281} INFO - 0 downstream tasks scheduled from follow-on schedule check
[2026-01-06T16:27:47.709+0000] {taskinstance.py:1957} INFO - Dependencies all met for dep_context=non-requeueable deps ti=<TaskInstance: stock_grok_pipeline.dbt_transform scheduled__2026-01-05T16:00:00+00:00 [queued]>
[2026-01-06T16:27:47.728+0000] {taskinstance.py:1957} INFO - Dependencies all met for dep_context=requeueable deps ti=<TaskInstance: stock_grok_pipeline.dbt_transform scheduled__2026-01-05T16:00:00+00:00 [queued]>
[2026-01-06T16:27:47.729+0000] {taskinstance.py:2171} INFO - Starting attempt 2 of 2
[2026-01-06T16:27:47.760+0000] {taskinstance.py:2192} INFO - Executing <Task(BashOperator): dbt_transform> on 2026-01-05 16:00:00+00:00
[2026-01-06T16:27:47.781+0000] {standard_task_runner.py:60} INFO - Started process 299 to run task
[2026-01-06T16:27:47.788+0000] {standard_task_runner.py:87} INFO - Running: ['***', 'tasks', 'run', 'stock_grok_pipeline', 'dbt_transform', 'scheduled__2026-01-05T16:00:00+00:00', '--job-id', '9', '--raw', '--subdir', 'DAGS_FOLDER/stock_grok_pipeline.py', '--cfg-path', '/tmp/tmpnqze_pfo']
[2026-01-06T16:27:47.814+0000] {standard_task_runner.py:88} INFO - Job 9: Subtask dbt_transform
[2026-01-06T16:27:48.091+0000] {task_command.py:423} INFO - Running <TaskInstance: stock_grok_pipeline.dbt_transform scheduled__2026-01-05T16:00:00+00:00 [running]> on host fa2fa317ee9e
[2026-01-06T16:27:48.273+0000] {taskinstance.py:2481} INFO - Exporting env vars: AIRFLOW_CTX_DAG_OWNER='***' AIRFLOW_CTX_DAG_ID='stock_grok_pipeline' AIRFLOW_CTX_TASK_ID='dbt_transform' AIRFLOW_CTX_EXECUTION_DATE='2026-01-05T16:00:00+00:00' AIRFLOW_CTX_TRY_NUMBER='2' AIRFLOW_CTX_DAG_RUN_ID='scheduled__2026-01-05T16:00:00+00:00'
[2026-01-06T16:27:48.275+0000] {subprocess.py:63} INFO - Tmp dir root location: /tmp
[2026-01-06T16:27:48.277+0000] {subprocess.py:75} INFO - Running command: ['/usr/bin/bash', '-c', 'cd /dbt && dbt run --profiles-dir .']
[2026-01-06T16:27:48.302+0000] {subprocess.py:86} INFO - Output:
[2026-01-06T16:27:52.198+0000] {subprocess.py:97} INFO - Command exited with return code 2
[2026-01-06T16:27:52.229+0000] {taskinstance.py:2699} ERROR - Task failed with exception
Traceback (most recent call last):
  File "/home/airflow/.local/lib/python3.11/site-packages/airflow/models/taskinstance.py", line 433, in _execute_task
    result = execute_callable(context=context, **execute_callable_kwargs)
             ^^^^^^^^^^^^^^^^^^^^^^^^^^^^^^^^^^^^^^^^^^^^^^^^^^^^^^^^^^^^
  File "/home/airflow/.local/lib/python3.11/site-packages/airflow/operators/bash.py", line 212, in execute
    raise AirflowException(
airflow.exceptions.AirflowException: Bash command failed. The command returned a non-zero exit code 2.
[2026-01-06T16:27:52.244+0000] {taskinstance.py:1138} INFO - Marking task as FAILED. dag_id=stock_grok_pipeline, task_id=dbt_transform, execution_date=20260105T160000, start_date=20260106T162747, end_date=20260106T162752
[2026-01-06T16:27:52.274+0000] {standard_task_runner.py:107} ERROR - Failed to execute job 9 for task dbt_transform (Bash command failed. The command returned a non-zero exit code 2.; 299)
[2026-01-06T16:27:52.304+0000] {local_task_job_runner.py:234} INFO - Task exited with return code 1
[2026-01-06T16:27:52.362+0000] {taskinstance.py:3281} INFO - 0 downstream tasks scheduled from follow-on schedule check
[2026-01-07T06:36:36.662+0000] {taskinstance.py:1957} INFO - Dependencies all met for dep_context=non-requeueable deps ti=<TaskInstance: stock_grok_pipeline.dbt_transform scheduled__2026-01-05T16:00:00+00:00 [queued]>
[2026-01-07T06:36:36.704+0000] {taskinstance.py:1957} INFO - Dependencies all met for dep_context=requeueable deps ti=<TaskInstance: stock_grok_pipeline.dbt_transform scheduled__2026-01-05T16:00:00+00:00 [queued]>
[2026-01-07T06:36:36.705+0000] {taskinstance.py:2171} INFO - Starting attempt 2 of 2
[2026-01-07T06:36:36.735+0000] {taskinstance.py:2192} INFO - Executing <Task(BashOperator): dbt_transform> on 2026-01-05 16:00:00+00:00
[2026-01-07T06:36:36.755+0000] {standard_task_runner.py:60} INFO - Started process 9401 to run task
[2026-01-07T06:36:36.761+0000] {standard_task_runner.py:87} INFO - Running: ['***', 'tasks', 'run', 'stock_grok_pipeline', 'dbt_transform', 'scheduled__2026-01-05T16:00:00+00:00', '--job-id', '9', '--raw', '--subdir', 'DAGS_FOLDER/stock_grok_pipeline.py', '--cfg-path', '/tmp/tmpss2rgzmc']
[2026-01-07T06:36:36.771+0000] {standard_task_runner.py:88} INFO - Job 9: Subtask dbt_transform
[2026-01-07T06:36:36.866+0000] {task_command.py:423} INFO - Running <TaskInstance: stock_grok_pipeline.dbt_transform scheduled__2026-01-05T16:00:00+00:00 [running]> on host 24bf3341c062
[2026-01-07T06:36:37.019+0000] {taskinstance.py:2481} INFO - Exporting env vars: AIRFLOW_CTX_DAG_OWNER='***' AIRFLOW_CTX_DAG_ID='stock_grok_pipeline' AIRFLOW_CTX_TASK_ID='dbt_transform' AIRFLOW_CTX_EXECUTION_DATE='2026-01-05T16:00:00+00:00' AIRFLOW_CTX_TRY_NUMBER='2' AIRFLOW_CTX_DAG_RUN_ID='scheduled__2026-01-05T16:00:00+00:00'
[2026-01-07T06:36:37.023+0000] {subprocess.py:63} INFO - Tmp dir root location: /tmp
[2026-01-07T06:36:37.025+0000] {subprocess.py:75} INFO - Running command: ['/usr/bin/bash', '-c', 'cd /dbt && dbt run --profiles-dir . --log-path /opt/***/logs']
[2026-01-07T06:36:37.051+0000] {subprocess.py:86} INFO - Output:
[2026-01-07T06:36:41.029+0000] {subprocess.py:93} INFO - [0m06:36:41  Running with dbt=1.8.8
[2026-01-07T06:36:41.607+0000] {subprocess.py:93} INFO - [0m06:36:41  Registered adapter: postgres=1.9.1
[2026-01-07T06:36:41.638+0000] {subprocess.py:93} INFO - [0m06:36:41  Unable to do partial parsing because saved manifest not found. Starting full parse.
[2026-01-07T06:36:44.154+0000] {subprocess.py:93} INFO - [0m06:36:44  Encountered an error:
[2026-01-07T06:36:44.154+0000] {subprocess.py:93} INFO - [Errno 13] Permission denied: '/dbt/target'
[2026-01-07T06:36:44.158+0000] {subprocess.py:93} INFO - [0m06:36:44  Traceback (most recent call last):
[2026-01-07T06:36:44.158+0000] {subprocess.py:93} INFO -   File "/home/***/.local/lib/python3.11/site-packages/dbt/cli/requires.py", line 138, in wrapper
[2026-01-07T06:36:44.159+0000] {subprocess.py:93} INFO -     result, success = func(*args, **kwargs)
[2026-01-07T06:36:44.159+0000] {subprocess.py:93} INFO -                       ^^^^^^^^^^^^^^^^^^^^^
[2026-01-07T06:36:44.159+0000] {subprocess.py:93} INFO -   File "/home/***/.local/lib/python3.11/site-packages/dbt/cli/requires.py", line 101, in wrapper
[2026-01-07T06:36:44.160+0000] {subprocess.py:93} INFO -     return func(*args, **kwargs)
[2026-01-07T06:36:44.160+0000] {subprocess.py:93} INFO -            ^^^^^^^^^^^^^^^^^^^^^
[2026-01-07T06:36:44.160+0000] {subprocess.py:93} INFO -   File "/home/***/.local/lib/python3.11/site-packages/dbt/cli/requires.py", line 218, in wrapper
[2026-01-07T06:36:44.161+0000] {subprocess.py:93} INFO -     return func(*args, **kwargs)
[2026-01-07T06:36:44.161+0000] {subprocess.py:93} INFO -            ^^^^^^^^^^^^^^^^^^^^^
[2026-01-07T06:36:44.161+0000] {subprocess.py:93} INFO -   File "/home/***/.local/lib/python3.11/site-packages/dbt/cli/requires.py", line 247, in wrapper
[2026-01-07T06:36:44.161+0000] {subprocess.py:93} INFO -     return func(*args, **kwargs)
[2026-01-07T06:36:44.162+0000] {subprocess.py:93} INFO -            ^^^^^^^^^^^^^^^^^^^^^
[2026-01-07T06:36:44.162+0000] {subprocess.py:93} INFO -   File "/home/***/.local/lib/python3.11/site-packages/dbt/cli/requires.py", line 294, in wrapper
[2026-01-07T06:36:44.162+0000] {subprocess.py:93} INFO -     return func(*args, **kwargs)
[2026-01-07T06:36:44.162+0000] {subprocess.py:93} INFO -            ^^^^^^^^^^^^^^^^^^^^^
[2026-01-07T06:36:44.163+0000] {subprocess.py:93} INFO -   File "/home/***/.local/lib/python3.11/site-packages/dbt/cli/requires.py", line 320, in wrapper
[2026-01-07T06:36:44.163+0000] {subprocess.py:93} INFO -     ctx.obj["manifest"] = parse_manifest(
[2026-01-07T06:36:44.163+0000] {subprocess.py:93} INFO -                           ^^^^^^^^^^^^^^^
[2026-01-07T06:36:44.163+0000] {subprocess.py:93} INFO -   File "/home/***/.local/lib/python3.11/site-packages/dbt/parser/manifest.py", line 1898, in parse_manifest
[2026-01-07T06:36:44.164+0000] {subprocess.py:93} INFO -     manifest = ManifestLoader.get_full_manifest(
[2026-01-07T06:36:44.164+0000] {subprocess.py:93} INFO -                ^^^^^^^^^^^^^^^^^^^^^^^^^^^^^^^^^
[2026-01-07T06:36:44.164+0000] {subprocess.py:93} INFO -   File "/home/***/.local/lib/python3.11/site-packages/dbt/parser/manifest.py", line 330, in get_full_manifest
[2026-01-07T06:36:44.164+0000] {subprocess.py:93} INFO -     manifest = loader.load()
[2026-01-07T06:36:44.164+0000] {subprocess.py:93} INFO -                ^^^^^^^^^^^^^
[2026-01-07T06:36:44.164+0000] {subprocess.py:93} INFO -   File "/home/***/.local/lib/python3.11/site-packages/dbt/parser/manifest.py", line 525, in load
[2026-01-07T06:36:44.164+0000] {subprocess.py:93} INFO -     self.write_manifest_for_partial_parse()
[2026-01-07T06:36:44.165+0000] {subprocess.py:93} INFO -   File "/home/***/.local/lib/python3.11/site-packages/dbt/parser/manifest.py", line 812, in write_manifest_for_partial_parse
[2026-01-07T06:36:44.165+0000] {subprocess.py:93} INFO -     make_directory(os.path.dirname(path))
[2026-01-07T06:36:44.165+0000] {subprocess.py:93} INFO -   File "/usr/local/lib/python3.11/functools.py", line 909, in wrapper
[2026-01-07T06:36:44.165+0000] {subprocess.py:93} INFO -     return dispatch(args[0].__class__)(*args, **kw)
[2026-01-07T06:36:44.165+0000] {subprocess.py:93} INFO -            ^^^^^^^^^^^^^^^^^^^^^^^^^^^^^^^^^^^^^^^^
[2026-01-07T06:36:44.165+0000] {subprocess.py:93} INFO -   File "/home/***/.local/lib/python3.11/site-packages/dbt_common/clients/system.py", line 209, in _
[2026-01-07T06:36:44.165+0000] {subprocess.py:93} INFO -     raise e
[2026-01-07T06:36:44.166+0000] {subprocess.py:93} INFO -   File "/home/***/.local/lib/python3.11/site-packages/dbt_common/clients/system.py", line 203, in _
[2026-01-07T06:36:44.166+0000] {subprocess.py:93} INFO -     os.makedirs(path)
[2026-01-07T06:36:44.166+0000] {subprocess.py:93} INFO -   File "<frozen os>", line 225, in makedirs
[2026-01-07T06:36:44.166+0000] {subprocess.py:93} INFO - PermissionError: [Errno 13] Permission denied: '/dbt/target'
[2026-01-07T06:36:44.166+0000] {subprocess.py:93} INFO - 
[2026-01-07T06:36:44.593+0000] {subprocess.py:97} INFO - Command exited with return code 2
[2026-01-07T06:36:44.615+0000] {taskinstance.py:2699} ERROR - Task failed with exception
Traceback (most recent call last):
  File "/home/airflow/.local/lib/python3.11/site-packages/airflow/models/taskinstance.py", line 433, in _execute_task
    result = execute_callable(context=context, **execute_callable_kwargs)
             ^^^^^^^^^^^^^^^^^^^^^^^^^^^^^^^^^^^^^^^^^^^^^^^^^^^^^^^^^^^^
  File "/home/airflow/.local/lib/python3.11/site-packages/airflow/operators/bash.py", line 212, in execute
    raise AirflowException(
airflow.exceptions.AirflowException: Bash command failed. The command returned a non-zero exit code 2.
[2026-01-07T06:36:44.621+0000] {taskinstance.py:1138} INFO - Marking task as FAILED. dag_id=stock_grok_pipeline, task_id=dbt_transform, execution_date=20260105T160000, start_date=20260107T063636, end_date=20260107T063644
[2026-01-07T06:36:44.645+0000] {standard_task_runner.py:107} ERROR - Failed to execute job 9 for task dbt_transform (Bash command failed. The command returned a non-zero exit code 2.; 9401)
[2026-01-07T06:36:44.693+0000] {local_task_job_runner.py:234} INFO - Task exited with return code 1
[2026-01-07T06:36:44.732+0000] {taskinstance.py:3281} INFO - 0 downstream tasks scheduled from follow-on schedule check
