[2026-01-07T06:31:21.350+0000] {taskinstance.py:1957} INFO - Dependencies all met for dep_context=non-requeueable deps ti=<TaskInstance: stock_grok_pipeline.dbt_transform manual__2026-01-07T06:31:02.068970+00:00 [queued]>
[2026-01-07T06:31:21.382+0000] {taskinstance.py:1957} INFO - Dependencies all met for dep_context=requeueable deps ti=<TaskInstance: stock_grok_pipeline.dbt_transform manual__2026-01-07T06:31:02.068970+00:00 [queued]>
[2026-01-07T06:31:21.384+0000] {taskinstance.py:2171} INFO - Starting attempt 1 of 2
[2026-01-07T06:31:21.435+0000] {taskinstance.py:2192} INFO - Executing <Task(BashOperator): dbt_transform> on 2026-01-07 06:31:02.068970+00:00
[2026-01-07T06:31:21.461+0000] {standard_task_runner.py:60} INFO - Started process 7680 to run task
[2026-01-07T06:31:21.470+0000] {standard_task_runner.py:87} INFO - Running: ['***', 'tasks', 'run', 'stock_grok_pipeline', 'dbt_transform', 'manual__2026-01-07T06:31:02.068970+00:00', '--job-id', '7', '--raw', '--subdir', 'DAGS_FOLDER/stock_grok_pipeline.py', '--cfg-path', '/tmp/tmpj6jk9dpc']
[2026-01-07T06:31:21.477+0000] {standard_task_runner.py:88} INFO - Job 7: Subtask dbt_transform
[2026-01-07T06:31:21.633+0000] {task_command.py:423} INFO - Running <TaskInstance: stock_grok_pipeline.dbt_transform manual__2026-01-07T06:31:02.068970+00:00 [running]> on host 24bf3341c062
[2026-01-07T06:31:21.882+0000] {taskinstance.py:2481} INFO - Exporting env vars: AIRFLOW_CTX_DAG_OWNER='***' AIRFLOW_CTX_DAG_ID='stock_grok_pipeline' AIRFLOW_CTX_TASK_ID='dbt_transform' AIRFLOW_CTX_EXECUTION_DATE='2026-01-07T06:31:02.068970+00:00' AIRFLOW_CTX_TRY_NUMBER='1' AIRFLOW_CTX_DAG_RUN_ID='manual__2026-01-07T06:31:02.068970+00:00'
[2026-01-07T06:31:21.886+0000] {subprocess.py:63} INFO - Tmp dir root location: /tmp
[2026-01-07T06:31:21.887+0000] {subprocess.py:75} INFO - Running command: ['/usr/bin/bash', '-c', 'cd /dbt && dbt run --profiles-dir . --log-path /opt/***/logs']
[2026-01-07T06:31:21.976+0000] {subprocess.py:86} INFO - Output:
[2026-01-07T06:31:27.643+0000] {subprocess.py:93} INFO - [0m06:31:27  Running with dbt=1.8.8
[2026-01-07T06:31:28.174+0000] {subprocess.py:93} INFO - [0m06:31:28  Registered adapter: postgres=1.9.1
[2026-01-07T06:31:28.206+0000] {subprocess.py:93} INFO - [0m06:31:28  Unable to do partial parsing because saved manifest not found. Starting full parse.
[2026-01-07T06:31:31.003+0000] {subprocess.py:93} INFO - [0m06:31:30  Encountered an error:
[2026-01-07T06:31:31.004+0000] {subprocess.py:93} INFO - [Errno 13] Permission denied: '/dbt/target'
[2026-01-07T06:31:31.034+0000] {subprocess.py:93} INFO - [0m06:31:31  Traceback (most recent call last):
[2026-01-07T06:31:31.034+0000] {subprocess.py:93} INFO -   File "/home/***/.local/lib/python3.11/site-packages/dbt/cli/requires.py", line 138, in wrapper
[2026-01-07T06:31:31.035+0000] {subprocess.py:93} INFO -     result, success = func(*args, **kwargs)
[2026-01-07T06:31:31.035+0000] {subprocess.py:93} INFO -                       ^^^^^^^^^^^^^^^^^^^^^
[2026-01-07T06:31:31.036+0000] {subprocess.py:93} INFO -   File "/home/***/.local/lib/python3.11/site-packages/dbt/cli/requires.py", line 101, in wrapper
[2026-01-07T06:31:31.039+0000] {subprocess.py:93} INFO -     return func(*args, **kwargs)
[2026-01-07T06:31:31.039+0000] {subprocess.py:93} INFO -            ^^^^^^^^^^^^^^^^^^^^^
[2026-01-07T06:31:31.043+0000] {subprocess.py:93} INFO -   File "/home/***/.local/lib/python3.11/site-packages/dbt/cli/requires.py", line 218, in wrapper
[2026-01-07T06:31:31.043+0000] {subprocess.py:93} INFO -     return func(*args, **kwargs)
[2026-01-07T06:31:31.048+0000] {subprocess.py:93} INFO -            ^^^^^^^^^^^^^^^^^^^^^
[2026-01-07T06:31:31.052+0000] {subprocess.py:93} INFO -   File "/home/***/.local/lib/python3.11/site-packages/dbt/cli/requires.py", line 247, in wrapper
[2026-01-07T06:31:31.054+0000] {subprocess.py:93} INFO -     return func(*args, **kwargs)
[2026-01-07T06:31:31.055+0000] {subprocess.py:93} INFO -            ^^^^^^^^^^^^^^^^^^^^^
[2026-01-07T06:31:31.055+0000] {subprocess.py:93} INFO -   File "/home/***/.local/lib/python3.11/site-packages/dbt/cli/requires.py", line 294, in wrapper
[2026-01-07T06:31:31.059+0000] {subprocess.py:93} INFO -     return func(*args, **kwargs)
[2026-01-07T06:31:31.068+0000] {subprocess.py:93} INFO -            ^^^^^^^^^^^^^^^^^^^^^
[2026-01-07T06:31:31.072+0000] {subprocess.py:93} INFO -   File "/home/***/.local/lib/python3.11/site-packages/dbt/cli/requires.py", line 320, in wrapper
[2026-01-07T06:31:31.075+0000] {subprocess.py:93} INFO -     ctx.obj["manifest"] = parse_manifest(
[2026-01-07T06:31:31.076+0000] {subprocess.py:93} INFO -                           ^^^^^^^^^^^^^^^
[2026-01-07T06:31:31.080+0000] {subprocess.py:93} INFO -   File "/home/***/.local/lib/python3.11/site-packages/dbt/parser/manifest.py", line 1898, in parse_manifest
[2026-01-07T06:31:31.081+0000] {subprocess.py:93} INFO -     manifest = ManifestLoader.get_full_manifest(
[2026-01-07T06:31:31.081+0000] {subprocess.py:93} INFO -                ^^^^^^^^^^^^^^^^^^^^^^^^^^^^^^^^^
[2026-01-07T06:31:31.081+0000] {subprocess.py:93} INFO -   File "/home/***/.local/lib/python3.11/site-packages/dbt/parser/manifest.py", line 330, in get_full_manifest
[2026-01-07T06:31:31.087+0000] {subprocess.py:93} INFO -     manifest = loader.load()
[2026-01-07T06:31:31.087+0000] {subprocess.py:93} INFO -                ^^^^^^^^^^^^^
[2026-01-07T06:31:31.092+0000] {subprocess.py:93} INFO -   File "/home/***/.local/lib/python3.11/site-packages/dbt/parser/manifest.py", line 525, in load
[2026-01-07T06:31:31.092+0000] {subprocess.py:93} INFO -     self.write_manifest_for_partial_parse()
[2026-01-07T06:31:31.100+0000] {subprocess.py:93} INFO -   File "/home/***/.local/lib/python3.11/site-packages/dbt/parser/manifest.py", line 812, in write_manifest_for_partial_parse
[2026-01-07T06:31:31.102+0000] {subprocess.py:93} INFO -     make_directory(os.path.dirname(path))
[2026-01-07T06:31:31.103+0000] {subprocess.py:93} INFO -   File "/usr/local/lib/python3.11/functools.py", line 909, in wrapper
[2026-01-07T06:31:31.103+0000] {subprocess.py:93} INFO -     return dispatch(args[0].__class__)(*args, **kw)
[2026-01-07T06:31:31.104+0000] {subprocess.py:93} INFO -            ^^^^^^^^^^^^^^^^^^^^^^^^^^^^^^^^^^^^^^^^
[2026-01-07T06:31:31.104+0000] {subprocess.py:93} INFO -   File "/home/***/.local/lib/python3.11/site-packages/dbt_common/clients/system.py", line 209, in _
[2026-01-07T06:31:31.104+0000] {subprocess.py:93} INFO -     raise e
[2026-01-07T06:31:31.105+0000] {subprocess.py:93} INFO -   File "/home/***/.local/lib/python3.11/site-packages/dbt_common/clients/system.py", line 203, in _
[2026-01-07T06:31:31.108+0000] {subprocess.py:93} INFO -     os.makedirs(path)
[2026-01-07T06:31:31.109+0000] {subprocess.py:93} INFO -   File "<frozen os>", line 225, in makedirs
[2026-01-07T06:31:31.110+0000] {subprocess.py:93} INFO - PermissionError: [Errno 13] Permission denied: '/dbt/target'
[2026-01-07T06:31:31.111+0000] {subprocess.py:93} INFO - 
[2026-01-07T06:31:31.892+0000] {subprocess.py:97} INFO - Command exited with return code 2
[2026-01-07T06:31:31.925+0000] {taskinstance.py:2699} ERROR - Task failed with exception
Traceback (most recent call last):
  File "/home/airflow/.local/lib/python3.11/site-packages/airflow/models/taskinstance.py", line 433, in _execute_task
    result = execute_callable(context=context, **execute_callable_kwargs)
             ^^^^^^^^^^^^^^^^^^^^^^^^^^^^^^^^^^^^^^^^^^^^^^^^^^^^^^^^^^^^
  File "/home/airflow/.local/lib/python3.11/site-packages/airflow/operators/bash.py", line 212, in execute
    raise AirflowException(
airflow.exceptions.AirflowException: Bash command failed. The command returned a non-zero exit code 2.
[2026-01-07T06:31:31.937+0000] {taskinstance.py:1138} INFO - Marking task as UP_FOR_RETRY. dag_id=stock_grok_pipeline, task_id=dbt_transform, execution_date=20260107T063102, start_date=20260107T063121, end_date=20260107T063131
[2026-01-07T06:31:31.982+0000] {standard_task_runner.py:107} ERROR - Failed to execute job 7 for task dbt_transform (Bash command failed. The command returned a non-zero exit code 2.; 7680)
[2026-01-07T06:31:32.029+0000] {local_task_job_runner.py:234} INFO - Task exited with return code 1
[2026-01-07T06:31:32.098+0000] {taskinstance.py:3281} INFO - 0 downstream tasks scheduled from follow-on schedule check
