[0m18:04:47.751795 [debug] [MainThread]: Sending event: {'category': 'dbt', 'action': 'invocation', 'label': 'start', 'context': [<snowplow_tracker.self_describing_json.SelfDescribingJson object at 0x783d1193e090>, <snowplow_tracker.self_describing_json.SelfDescribingJson object at 0x783d1193b790>, <snowplow_tracker.self_describing_json.SelfDescribingJson object at 0x783d1193b910>]}


============================== 18:04:47.763823 | e794702b-90bf-4dba-bf74-bbc9a4ca63a5 ==============================
[0m18:04:47.763823 [info ] [MainThread]: Running with dbt=1.8.8
[0m18:04:47.765548 [debug] [MainThread]: running dbt with arguments {'printer_width': '80', 'indirect_selection': 'eager', 'write_json': 'True', 'log_cache_events': 'False', 'partial_parse': 'True', 'cache_selected_only': 'False', 'profiles_dir': '.', 'version_check': 'True', 'debug': 'False', 'log_path': 'logs', 'warn_error': 'None', 'fail_fast': 'False', 'use_colors': 'True', 'use_experimental_parser': 'False', 'no_print': 'None', 'quiet': 'False', 'empty': 'None', 'log_format': 'default', 'invocation_command': 'dbt debug --profiles-dir .', 'warn_error_options': 'WarnErrorOptions(include=[], exclude=[])', 'static_parser': 'True', 'target_path': 'None', 'introspect': 'True', 'send_anonymous_usage_stats': 'True'}
[0m18:04:47.784837 [info ] [MainThread]: dbt version: 1.8.8
[0m18:04:47.785794 [info ] [MainThread]: python version: 3.11.7
[0m18:04:47.786618 [info ] [MainThread]: python path: /usr/local/bin/python
[0m18:04:47.787486 [info ] [MainThread]: os info: Linux-6.14.0-37-generic-x86_64-with-glibc2.36
[0m18:04:47.788566 [info ] [MainThread]: Using profiles dir at .
[0m18:04:47.789433 [info ] [MainThread]: Using profiles.yml file at ./profiles.yml
[0m18:04:47.790332 [info ] [MainThread]: Using dbt_project.yml file at /opt/airflow/dbt_project.yml
[0m18:04:47.791147 [info ] [MainThread]: Configuration:
[0m18:04:47.792021 [info ] [MainThread]:   profiles.yml file [[31mERROR not found[0m]
[0m18:04:47.793010 [info ] [MainThread]:   dbt_project.yml file [[31mERROR not found[0m]
[0m18:04:47.793783 [info ] [MainThread]: Required dependencies:
[0m18:04:47.794795 [debug] [MainThread]: Executing "git --help"
[0m18:04:47.811952 [debug] [MainThread]: STDOUT: "b"usage: git [-v | --version] [-h | --help] [-C <path>] [-c <name>=<value>]\n           [--exec-path[=<path>]] [--html-path] [--man-path] [--info-path]\n           [-p | --paginate | -P | --no-pager] [--no-replace-objects] [--bare]\n           [--git-dir=<path>] [--work-tree=<path>] [--namespace=<name>]\n           [--super-prefix=<path>] [--config-env=<name>=<envvar>]\n           <command> [<args>]\n\nThese are common Git commands used in various situations:\n\nstart a working area (see also: git help tutorial)\n   clone     Clone a repository into a new directory\n   init      Create an empty Git repository or reinitialize an existing one\n\nwork on the current change (see also: git help everyday)\n   add       Add file contents to the index\n   mv        Move or rename a file, a directory, or a symlink\n   restore   Restore working tree files\n   rm        Remove files from the working tree and from the index\n\nexamine the history and state (see also: git help revisions)\n   bisect    Use binary search to find the commit that introduced a bug\n   diff      Show changes between commits, commit and working tree, etc\n   grep      Print lines matching a pattern\n   log       Show commit logs\n   show      Show various types of objects\n   status    Show the working tree status\n\ngrow, mark and tweak your common history\n   branch    List, create, or delete branches\n   commit    Record changes to the repository\n   merge     Join two or more development histories together\n   rebase    Reapply commits on top of another base tip\n   reset     Reset current HEAD to the specified state\n   switch    Switch branches\n   tag       Create, list, delete or verify a tag object signed with GPG\n\ncollaborate (see also: git help workflows)\n   fetch     Download objects and refs from another repository\n   pull      Fetch from and integrate with another repository or a local branch\n   push      Update remote refs along with associated objects\n\n'git help -a' and 'git help -g' list available subcommands and some\nconcept guides. See 'git help <command>' or 'git help <concept>'\nto read about a specific subcommand or concept.\nSee 'git help git' for an overview of the system.\n""
[0m18:04:47.813652 [debug] [MainThread]: STDERR: "b''"
[0m18:04:47.814948 [info ] [MainThread]:  - git [[32mOK found[0m]

[0m18:04:47.816094 [info ] [MainThread]: Connection test skipped since no profile was found
[0m18:04:47.817374 [info ] [MainThread]: [31m2 checks failed:[0m
[0m18:04:47.818571 [info ] [MainThread]: dbt looked for a profiles.yml file in ./profiles.yml, but did
not find one. For more information on configuring your profile, consult the
documentation:

https://docs.getdbt.com/docs/configure-your-profile


[0m18:04:47.819724 [info ] [MainThread]: Project loading failed for the following reason:
 project path </opt/airflow/dbt_project.yml> not found

[0m18:04:47.822060 [debug] [MainThread]: Resource report: {"command_name": "debug", "command_wall_clock_time": 0.16800353, "process_user_time": 2.568679, "process_kernel_time": 0.229792, "process_mem_max_rss": "94988", "process_in_blocks": "1296", "process_out_blocks": "16", "command_success": false}
[0m18:04:47.824281 [debug] [MainThread]: Command `dbt debug` failed at 18:04:47.823872 after 0.17 seconds
[0m18:04:47.825803 [debug] [MainThread]: Sending event: {'category': 'dbt', 'action': 'invocation', 'label': 'end', 'context': [<snowplow_tracker.self_describing_json.SelfDescribingJson object at 0x783d11ae9650>, <snowplow_tracker.self_describing_json.SelfDescribingJson object at 0x783d118eea10>, <snowplow_tracker.self_describing_json.SelfDescribingJson object at 0x783d15868510>]}
[0m18:04:47.827338 [debug] [MainThread]: Flushing usage events
[0m19:34:04.821285 [debug] [MainThread]: Got an exception trying to initialize tracking


============================== 19:34:04.837378 | 9d1c5f15-f8bf-47dd-a7b9-4fb142a42923 ==============================
[0m19:34:04.837378 [info ] [MainThread]: Running with dbt=1.8.8
[0m19:34:04.838880 [debug] [MainThread]: running dbt with arguments {'printer_width': '80', 'indirect_selection': 'eager', 'write_json': 'True', 'log_cache_events': 'False', 'partial_parse': 'True', 'cache_selected_only': 'False', 'warn_error': 'None', 'fail_fast': 'False', 'debug': 'False', 'log_path': '/opt/airflow/logs', 'version_check': 'True', 'profiles_dir': '.', 'use_colors': 'True', 'use_experimental_parser': 'False', 'no_print': 'None', 'quiet': 'False', 'empty': 'None', 'warn_error_options': 'WarnErrorOptions(include=[], exclude=[])', 'static_parser': 'True', 'introspect': 'True', 'invocation_command': 'dbt debug --profiles-dir . --log-path /opt/airflow/logs', 'target_path': 'None', 'log_format': 'default', 'send_anonymous_usage_stats': 'True'}
[0m19:34:04.855669 [info ] [MainThread]: dbt version: 1.8.8
[0m19:34:04.856632 [info ] [MainThread]: python version: 3.11.7
[0m19:34:04.857447 [info ] [MainThread]: python path: /usr/local/bin/python
[0m19:34:04.858156 [info ] [MainThread]: os info: Linux-6.14.0-37-generic-x86_64-with-glibc2.36
[0m19:34:04.993860 [info ] [MainThread]: Using profiles dir at .
[0m19:34:04.994763 [info ] [MainThread]: Using profiles.yml file at ./profiles.yml
[0m19:34:04.995368 [info ] [MainThread]: Using dbt_project.yml file at /dbt/dbt_project.yml
[0m19:34:04.996371 [info ] [MainThread]: adapter type: postgres
[0m19:34:04.997028 [info ] [MainThread]: adapter version: 1.9.1
[0m19:34:05.210394 [info ] [MainThread]: Configuration:
[0m19:34:05.211679 [info ] [MainThread]:   profiles.yml file [[32mOK found and valid[0m]
[0m19:34:05.212655 [info ] [MainThread]:   dbt_project.yml file [[32mOK found and valid[0m]
[0m19:34:05.213289 [info ] [MainThread]: Required dependencies:
[0m19:34:05.214195 [debug] [MainThread]: Executing "git --help"
[0m19:34:05.221182 [debug] [MainThread]: STDOUT: "b"usage: git [-v | --version] [-h | --help] [-C <path>] [-c <name>=<value>]\n           [--exec-path[=<path>]] [--html-path] [--man-path] [--info-path]\n           [-p | --paginate | -P | --no-pager] [--no-replace-objects] [--bare]\n           [--git-dir=<path>] [--work-tree=<path>] [--namespace=<name>]\n           [--super-prefix=<path>] [--config-env=<name>=<envvar>]\n           <command> [<args>]\n\nThese are common Git commands used in various situations:\n\nstart a working area (see also: git help tutorial)\n   clone     Clone a repository into a new directory\n   init      Create an empty Git repository or reinitialize an existing one\n\nwork on the current change (see also: git help everyday)\n   add       Add file contents to the index\n   mv        Move or rename a file, a directory, or a symlink\n   restore   Restore working tree files\n   rm        Remove files from the working tree and from the index\n\nexamine the history and state (see also: git help revisions)\n   bisect    Use binary search to find the commit that introduced a bug\n   diff      Show changes between commits, commit and working tree, etc\n   grep      Print lines matching a pattern\n   log       Show commit logs\n   show      Show various types of objects\n   status    Show the working tree status\n\ngrow, mark and tweak your common history\n   branch    List, create, or delete branches\n   commit    Record changes to the repository\n   merge     Join two or more development histories together\n   rebase    Reapply commits on top of another base tip\n   reset     Reset current HEAD to the specified state\n   switch    Switch branches\n   tag       Create, list, delete or verify a tag object signed with GPG\n\ncollaborate (see also: git help workflows)\n   fetch     Download objects and refs from another repository\n   pull      Fetch from and integrate with another repository or a local branch\n   push      Update remote refs along with associated objects\n\n'git help -a' and 'git help -g' list available subcommands and some\nconcept guides. See 'git help <command>' or 'git help <concept>'\nto read about a specific subcommand or concept.\nSee 'git help git' for an overview of the system.\n""
[0m19:34:05.222764 [debug] [MainThread]: STDERR: "b''"
[0m19:34:05.223851 [info ] [MainThread]:  - git [[32mOK found[0m]

[0m19:34:05.224896 [info ] [MainThread]: Connection:
[0m19:34:05.226059 [info ] [MainThread]:   host: postgres
[0m19:34:05.227022 [info ] [MainThread]:   port: 5432
[0m19:34:05.228086 [info ] [MainThread]:   user: airflow
[0m19:34:05.229114 [info ] [MainThread]:   database: airflow
[0m19:34:05.230251 [info ] [MainThread]:   schema: analytics
[0m19:34:05.234073 [info ] [MainThread]:   connect_timeout: 10
[0m19:34:05.235384 [info ] [MainThread]:   role: None
[0m19:34:05.236673 [info ] [MainThread]:   search_path: None
[0m19:34:05.237636 [info ] [MainThread]:   keepalives_idle: 0
[0m19:34:05.238400 [info ] [MainThread]:   sslmode: None
[0m19:34:05.239090 [info ] [MainThread]:   sslcert: None
[0m19:34:05.239942 [info ] [MainThread]:   sslkey: None
[0m19:34:05.240652 [info ] [MainThread]:   sslrootcert: None
[0m19:34:05.241580 [info ] [MainThread]:   application_name: dbt
[0m19:34:05.242408 [info ] [MainThread]:   retries: 1
[0m19:34:05.243422 [info ] [MainThread]: Registered adapter: postgres=1.9.1
[0m19:34:05.250649 [debug] [MainThread]: Acquiring new postgres connection 'debug'
[0m19:34:05.348130 [debug] [MainThread]: Using postgres connection "debug"
[0m19:34:05.351252 [debug] [MainThread]: On debug: select 1 as id
[0m19:34:05.352660 [debug] [MainThread]: Opening a new connection, currently in state init
[0m19:34:05.379830 [debug] [MainThread]: SQL status: SELECT 1 in 0.027 seconds
[0m19:34:05.383364 [debug] [MainThread]: On debug: Close
[0m19:34:05.385549 [info ] [MainThread]:   Connection test: [[32mOK connection ok[0m]

[0m19:34:05.389121 [info ] [MainThread]: [32mAll checks passed![0m
[0m19:34:05.391834 [debug] [MainThread]: Resource report: {"command_name": "debug", "command_success": true, "command_wall_clock_time": 0.67779547, "process_user_time": 3.50507, "process_kernel_time": 0.340812, "process_mem_max_rss": "107292", "process_out_blocks": "16", "process_in_blocks": "0"}
[0m19:34:05.396851 [debug] [MainThread]: Command `dbt debug` succeeded at 19:34:05.396480 after 0.68 seconds
[0m19:34:05.398013 [debug] [MainThread]: Connection 'debug' was properly closed.
[0m19:34:05.400570 [debug] [MainThread]: Flushing usage events
[0m19:35:13.328060 [debug] [MainThread]: Got an exception trying to initialize tracking


============================== 19:35:13.343025 | ec4ce5f4-b0cf-46ac-9ae0-354c9ca49c16 ==============================
[0m19:35:13.343025 [info ] [MainThread]: Running with dbt=1.8.8
[0m19:35:13.344916 [debug] [MainThread]: running dbt with arguments {'printer_width': '80', 'indirect_selection': 'eager', 'write_json': 'True', 'log_cache_events': 'False', 'partial_parse': 'True', 'cache_selected_only': 'False', 'profiles_dir': '.', 'debug': 'False', 'version_check': 'True', 'log_path': '/opt/airflow/logs', 'warn_error': 'None', 'fail_fast': 'False', 'use_colors': 'True', 'use_experimental_parser': 'False', 'no_print': 'None', 'quiet': 'False', 'empty': 'None', 'log_format': 'default', 'introspect': 'True', 'warn_error_options': 'WarnErrorOptions(include=[], exclude=[])', 'static_parser': 'True', 'target_path': 'None', 'invocation_command': 'dbt debug --profiles-dir . --log-path /opt/airflow/logs', 'send_anonymous_usage_stats': 'True'}
[0m19:35:13.361317 [info ] [MainThread]: dbt version: 1.8.8
[0m19:35:13.362577 [info ] [MainThread]: python version: 3.11.7
[0m19:35:13.363744 [info ] [MainThread]: python path: /usr/local/bin/python
[0m19:35:13.364721 [info ] [MainThread]: os info: Linux-6.14.0-37-generic-x86_64-with-glibc2.36
[0m19:35:13.493677 [info ] [MainThread]: Using profiles dir at .
[0m19:35:13.495058 [info ] [MainThread]: Using profiles.yml file at ./profiles.yml
[0m19:35:13.495985 [info ] [MainThread]: Using dbt_project.yml file at /dbt/dbt_project.yml
[0m19:35:13.497279 [info ] [MainThread]: adapter type: postgres
[0m19:35:13.498242 [info ] [MainThread]: adapter version: 1.9.1
[0m19:35:13.707841 [info ] [MainThread]: Configuration:
[0m19:35:13.708712 [info ] [MainThread]:   profiles.yml file [[32mOK found and valid[0m]
[0m19:35:13.709458 [info ] [MainThread]:   dbt_project.yml file [[32mOK found and valid[0m]
[0m19:35:13.710426 [info ] [MainThread]: Required dependencies:
[0m19:35:13.711424 [debug] [MainThread]: Executing "git --help"
[0m19:35:13.715937 [debug] [MainThread]: STDOUT: "b"usage: git [-v | --version] [-h | --help] [-C <path>] [-c <name>=<value>]\n           [--exec-path[=<path>]] [--html-path] [--man-path] [--info-path]\n           [-p | --paginate | -P | --no-pager] [--no-replace-objects] [--bare]\n           [--git-dir=<path>] [--work-tree=<path>] [--namespace=<name>]\n           [--super-prefix=<path>] [--config-env=<name>=<envvar>]\n           <command> [<args>]\n\nThese are common Git commands used in various situations:\n\nstart a working area (see also: git help tutorial)\n   clone     Clone a repository into a new directory\n   init      Create an empty Git repository or reinitialize an existing one\n\nwork on the current change (see also: git help everyday)\n   add       Add file contents to the index\n   mv        Move or rename a file, a directory, or a symlink\n   restore   Restore working tree files\n   rm        Remove files from the working tree and from the index\n\nexamine the history and state (see also: git help revisions)\n   bisect    Use binary search to find the commit that introduced a bug\n   diff      Show changes between commits, commit and working tree, etc\n   grep      Print lines matching a pattern\n   log       Show commit logs\n   show      Show various types of objects\n   status    Show the working tree status\n\ngrow, mark and tweak your common history\n   branch    List, create, or delete branches\n   commit    Record changes to the repository\n   merge     Join two or more development histories together\n   rebase    Reapply commits on top of another base tip\n   reset     Reset current HEAD to the specified state\n   switch    Switch branches\n   tag       Create, list, delete or verify a tag object signed with GPG\n\ncollaborate (see also: git help workflows)\n   fetch     Download objects and refs from another repository\n   pull      Fetch from and integrate with another repository or a local branch\n   push      Update remote refs along with associated objects\n\n'git help -a' and 'git help -g' list available subcommands and some\nconcept guides. See 'git help <command>' or 'git help <concept>'\nto read about a specific subcommand or concept.\nSee 'git help git' for an overview of the system.\n""
[0m19:35:13.717034 [debug] [MainThread]: STDERR: "b''"
[0m19:35:13.717750 [info ] [MainThread]:  - git [[32mOK found[0m]

[0m19:35:13.718416 [info ] [MainThread]: Connection:
[0m19:35:13.719109 [info ] [MainThread]:   host: postgres
[0m19:35:13.719723 [info ] [MainThread]:   port: 5432
[0m19:35:13.720313 [info ] [MainThread]:   user: airflow
[0m19:35:13.720979 [info ] [MainThread]:   database: airflow
[0m19:35:13.721666 [info ] [MainThread]:   schema: analytics
[0m19:35:13.722282 [info ] [MainThread]:   connect_timeout: 10
[0m19:35:13.722878 [info ] [MainThread]:   role: None
[0m19:35:13.723469 [info ] [MainThread]:   search_path: None
[0m19:35:13.724080 [info ] [MainThread]:   keepalives_idle: 0
[0m19:35:13.724723 [info ] [MainThread]:   sslmode: None
[0m19:35:13.725637 [info ] [MainThread]:   sslcert: None
[0m19:35:13.726576 [info ] [MainThread]:   sslkey: None
[0m19:35:13.728105 [info ] [MainThread]:   sslrootcert: None
[0m19:35:13.729119 [info ] [MainThread]:   application_name: dbt
[0m19:35:13.730229 [info ] [MainThread]:   retries: 1
[0m19:35:13.731832 [info ] [MainThread]: Registered adapter: postgres=1.9.1
[0m19:35:13.737853 [debug] [MainThread]: Acquiring new postgres connection 'debug'
[0m19:35:13.840236 [debug] [MainThread]: Using postgres connection "debug"
[0m19:35:13.841663 [debug] [MainThread]: On debug: select 1 as id
[0m19:35:13.843095 [debug] [MainThread]: Opening a new connection, currently in state init
[0m19:35:13.863480 [debug] [MainThread]: SQL status: SELECT 1 in 0.020 seconds
[0m19:35:13.866544 [debug] [MainThread]: On debug: Close
[0m19:35:13.868164 [info ] [MainThread]:   Connection test: [[32mOK connection ok[0m]

[0m19:35:13.869428 [info ] [MainThread]: [32mAll checks passed![0m
[0m19:35:13.873628 [debug] [MainThread]: Resource report: {"command_name": "debug", "command_success": true, "command_wall_clock_time": 0.65373635, "process_user_time": 3.508613, "process_kernel_time": 0.355744, "process_mem_max_rss": "107388", "process_out_blocks": "16", "process_in_blocks": "0"}
[0m19:35:13.876154 [debug] [MainThread]: Command `dbt debug` succeeded at 19:35:13.875808 after 0.66 seconds
[0m19:35:13.877348 [debug] [MainThread]: Connection 'debug' was properly closed.
[0m19:35:13.878499 [debug] [MainThread]: Flushing usage events
[0m19:35:49.512755 [debug] [MainThread]: Got an exception trying to initialize tracking


============================== 19:35:49.532688 | 33a5e481-04d0-4ee9-be57-b54081f89ea2 ==============================
[0m19:35:49.532688 [info ] [MainThread]: Running with dbt=1.8.8
[0m19:35:49.534320 [debug] [MainThread]: running dbt with arguments {'printer_width': '80', 'indirect_selection': 'eager', 'write_json': 'True', 'log_cache_events': 'False', 'partial_parse': 'True', 'cache_selected_only': 'False', 'profiles_dir': '.', 'debug': 'False', 'fail_fast': 'False', 'log_path': '/opt/airflow/logs', 'warn_error': 'None', 'version_check': 'True', 'use_colors': 'True', 'use_experimental_parser': 'False', 'no_print': 'None', 'quiet': 'False', 'empty': 'None', 'warn_error_options': 'WarnErrorOptions(include=[], exclude=[])', 'static_parser': 'True', 'invocation_command': 'dbt debug --profiles-dir . --log-path /opt/airflow/logs', 'log_format': 'default', 'target_path': 'None', 'introspect': 'True', 'send_anonymous_usage_stats': 'True'}
[0m19:35:49.557462 [info ] [MainThread]: dbt version: 1.8.8
[0m19:35:49.558819 [info ] [MainThread]: python version: 3.11.7
[0m19:35:49.560214 [info ] [MainThread]: python path: /usr/local/bin/python
[0m19:35:49.561206 [info ] [MainThread]: os info: Linux-6.14.0-37-generic-x86_64-with-glibc2.36
[0m19:35:49.711957 [info ] [MainThread]: Using profiles dir at .
[0m19:35:49.712849 [info ] [MainThread]: Using profiles.yml file at ./profiles.yml
[0m19:35:49.713505 [info ] [MainThread]: Using dbt_project.yml file at /dbt/dbt_project.yml
[0m19:35:49.714872 [info ] [MainThread]: adapter type: postgres
[0m19:35:49.715789 [info ] [MainThread]: adapter version: 1.9.1
[0m19:35:49.933116 [info ] [MainThread]: Configuration:
[0m19:35:49.934538 [info ] [MainThread]:   profiles.yml file [[32mOK found and valid[0m]
[0m19:35:49.935380 [info ] [MainThread]:   dbt_project.yml file [[32mOK found and valid[0m]
[0m19:35:49.936213 [info ] [MainThread]: Required dependencies:
[0m19:35:49.937196 [debug] [MainThread]: Executing "git --help"
[0m19:35:49.940893 [debug] [MainThread]: STDOUT: "b"usage: git [-v | --version] [-h | --help] [-C <path>] [-c <name>=<value>]\n           [--exec-path[=<path>]] [--html-path] [--man-path] [--info-path]\n           [-p | --paginate | -P | --no-pager] [--no-replace-objects] [--bare]\n           [--git-dir=<path>] [--work-tree=<path>] [--namespace=<name>]\n           [--super-prefix=<path>] [--config-env=<name>=<envvar>]\n           <command> [<args>]\n\nThese are common Git commands used in various situations:\n\nstart a working area (see also: git help tutorial)\n   clone     Clone a repository into a new directory\n   init      Create an empty Git repository or reinitialize an existing one\n\nwork on the current change (see also: git help everyday)\n   add       Add file contents to the index\n   mv        Move or rename a file, a directory, or a symlink\n   restore   Restore working tree files\n   rm        Remove files from the working tree and from the index\n\nexamine the history and state (see also: git help revisions)\n   bisect    Use binary search to find the commit that introduced a bug\n   diff      Show changes between commits, commit and working tree, etc\n   grep      Print lines matching a pattern\n   log       Show commit logs\n   show      Show various types of objects\n   status    Show the working tree status\n\ngrow, mark and tweak your common history\n   branch    List, create, or delete branches\n   commit    Record changes to the repository\n   merge     Join two or more development histories together\n   rebase    Reapply commits on top of another base tip\n   reset     Reset current HEAD to the specified state\n   switch    Switch branches\n   tag       Create, list, delete or verify a tag object signed with GPG\n\ncollaborate (see also: git help workflows)\n   fetch     Download objects and refs from another repository\n   pull      Fetch from and integrate with another repository or a local branch\n   push      Update remote refs along with associated objects\n\n'git help -a' and 'git help -g' list available subcommands and some\nconcept guides. See 'git help <command>' or 'git help <concept>'\nto read about a specific subcommand or concept.\nSee 'git help git' for an overview of the system.\n""
[0m19:35:49.941737 [debug] [MainThread]: STDERR: "b''"
[0m19:35:49.942361 [info ] [MainThread]:  - git [[32mOK found[0m]

[0m19:35:49.943012 [info ] [MainThread]: Connection:
[0m19:35:49.943713 [info ] [MainThread]:   host: postgres
[0m19:35:49.944333 [info ] [MainThread]:   port: 5432
[0m19:35:49.944935 [info ] [MainThread]:   user: airflow
[0m19:35:49.945537 [info ] [MainThread]:   database: airflow
[0m19:35:49.946152 [info ] [MainThread]:   schema: analytics
[0m19:35:49.946873 [info ] [MainThread]:   connect_timeout: 10
[0m19:35:49.947661 [info ] [MainThread]:   role: None
[0m19:35:49.948487 [info ] [MainThread]:   search_path: None
[0m19:35:49.949268 [info ] [MainThread]:   keepalives_idle: 0
[0m19:35:49.950036 [info ] [MainThread]:   sslmode: None
[0m19:35:49.951052 [info ] [MainThread]:   sslcert: None
[0m19:35:49.952015 [info ] [MainThread]:   sslkey: None
[0m19:35:49.952683 [info ] [MainThread]:   sslrootcert: None
[0m19:35:49.953561 [info ] [MainThread]:   application_name: dbt
[0m19:35:49.954294 [info ] [MainThread]:   retries: 1
[0m19:35:49.955295 [info ] [MainThread]: Registered adapter: postgres=1.9.1
[0m19:35:49.961063 [debug] [MainThread]: Acquiring new postgres connection 'debug'
[0m19:35:50.046699 [debug] [MainThread]: Using postgres connection "debug"
[0m19:35:50.047938 [debug] [MainThread]: On debug: select 1 as id
[0m19:35:50.049168 [debug] [MainThread]: Opening a new connection, currently in state init
[0m19:35:50.068968 [debug] [MainThread]: SQL status: SELECT 1 in 0.020 seconds
[0m19:35:50.072186 [debug] [MainThread]: On debug: Close
[0m19:35:50.073762 [info ] [MainThread]:   Connection test: [[32mOK connection ok[0m]

[0m19:35:50.075169 [info ] [MainThread]: [32mAll checks passed![0m
[0m19:35:50.081849 [debug] [MainThread]: Resource report: {"command_name": "debug", "command_success": true, "command_wall_clock_time": 0.7056012, "process_user_time": 3.795172, "process_kernel_time": 0.332489, "process_mem_max_rss": "107244", "process_out_blocks": "24", "process_in_blocks": "0"}
[0m19:35:50.087021 [debug] [MainThread]: Command `dbt debug` succeeded at 19:35:50.086494 after 0.71 seconds
[0m19:35:50.089722 [debug] [MainThread]: Connection 'debug' was properly closed.
[0m19:35:50.092220 [debug] [MainThread]: Flushing usage events
[0m19:43:41.738689 [debug] [MainThread]: Sending event: {'category': 'dbt', 'action': 'invocation', 'label': 'start', 'context': [<snowplow_tracker.self_describing_json.SelfDescribingJson object at 0x7af4442ce4d0>, <snowplow_tracker.self_describing_json.SelfDescribingJson object at 0x7af4442ceb10>, <snowplow_tracker.self_describing_json.SelfDescribingJson object at 0x7af4442cf150>]}


============================== 19:43:41.749599 | d50d7bd3-d08f-41c1-aeda-c22792221554 ==============================
[0m19:43:41.749599 [info ] [MainThread]: Running with dbt=1.8.8
[0m19:43:41.750670 [debug] [MainThread]: running dbt with arguments {'printer_width': '80', 'indirect_selection': 'eager', 'write_json': 'True', 'log_cache_events': 'False', 'partial_parse': 'True', 'cache_selected_only': 'False', 'warn_error': 'None', 'fail_fast': 'False', 'debug': 'False', 'log_path': 'logs', 'version_check': 'True', 'profiles_dir': '.', 'use_colors': 'True', 'use_experimental_parser': 'False', 'no_print': 'None', 'quiet': 'False', 'empty': 'None', 'log_format': 'default', 'invocation_command': 'dbt debug --profiles-dir .', 'introspect': 'True', 'static_parser': 'True', 'target_path': 'None', 'warn_error_options': 'WarnErrorOptions(include=[], exclude=[])', 'send_anonymous_usage_stats': 'True'}
[0m19:43:41.766802 [info ] [MainThread]: dbt version: 1.8.8
[0m19:43:41.767716 [info ] [MainThread]: python version: 3.11.7
[0m19:43:41.768580 [info ] [MainThread]: python path: /usr/local/bin/python
[0m19:43:41.769298 [info ] [MainThread]: os info: Linux-6.14.0-37-generic-x86_64-with-glibc2.36
[0m19:43:41.770042 [info ] [MainThread]: Using profiles dir at .
[0m19:43:41.770718 [info ] [MainThread]: Using profiles.yml file at ./profiles.yml
[0m19:43:41.771399 [info ] [MainThread]: Using dbt_project.yml file at /opt/airflow/dbt_project.yml
[0m19:43:41.772083 [info ] [MainThread]: Configuration:
[0m19:43:41.772731 [info ] [MainThread]:   profiles.yml file [[31mERROR not found[0m]
[0m19:43:41.773388 [info ] [MainThread]:   dbt_project.yml file [[31mERROR not found[0m]
[0m19:43:41.773973 [info ] [MainThread]: Required dependencies:
[0m19:43:41.774588 [debug] [MainThread]: Executing "git --help"
[0m19:43:41.785656 [debug] [MainThread]: STDOUT: "b"usage: git [-v | --version] [-h | --help] [-C <path>] [-c <name>=<value>]\n           [--exec-path[=<path>]] [--html-path] [--man-path] [--info-path]\n           [-p | --paginate | -P | --no-pager] [--no-replace-objects] [--bare]\n           [--git-dir=<path>] [--work-tree=<path>] [--namespace=<name>]\n           [--super-prefix=<path>] [--config-env=<name>=<envvar>]\n           <command> [<args>]\n\nThese are common Git commands used in various situations:\n\nstart a working area (see also: git help tutorial)\n   clone     Clone a repository into a new directory\n   init      Create an empty Git repository or reinitialize an existing one\n\nwork on the current change (see also: git help everyday)\n   add       Add file contents to the index\n   mv        Move or rename a file, a directory, or a symlink\n   restore   Restore working tree files\n   rm        Remove files from the working tree and from the index\n\nexamine the history and state (see also: git help revisions)\n   bisect    Use binary search to find the commit that introduced a bug\n   diff      Show changes between commits, commit and working tree, etc\n   grep      Print lines matching a pattern\n   log       Show commit logs\n   show      Show various types of objects\n   status    Show the working tree status\n\ngrow, mark and tweak your common history\n   branch    List, create, or delete branches\n   commit    Record changes to the repository\n   merge     Join two or more development histories together\n   rebase    Reapply commits on top of another base tip\n   reset     Reset current HEAD to the specified state\n   switch    Switch branches\n   tag       Create, list, delete or verify a tag object signed with GPG\n\ncollaborate (see also: git help workflows)\n   fetch     Download objects and refs from another repository\n   pull      Fetch from and integrate with another repository or a local branch\n   push      Update remote refs along with associated objects\n\n'git help -a' and 'git help -g' list available subcommands and some\nconcept guides. See 'git help <command>' or 'git help <concept>'\nto read about a specific subcommand or concept.\nSee 'git help git' for an overview of the system.\n""
[0m19:43:41.786589 [debug] [MainThread]: STDERR: "b''"
[0m19:43:41.787153 [info ] [MainThread]:  - git [[32mOK found[0m]

[0m19:43:41.787830 [info ] [MainThread]: Connection test skipped since no profile was found
[0m19:43:41.788662 [info ] [MainThread]: [31m2 checks failed:[0m
[0m19:43:41.789392 [info ] [MainThread]: dbt looked for a profiles.yml file in ./profiles.yml, but did
not find one. For more information on configuring your profile, consult the
documentation:

https://docs.getdbt.com/docs/configure-your-profile


[0m19:43:41.790146 [info ] [MainThread]: Project loading failed for the following reason:
 project path </opt/airflow/dbt_project.yml> not found

[0m19:43:41.792266 [debug] [MainThread]: Resource report: {"command_name": "debug", "command_wall_clock_time": 0.13766369, "process_user_time": 2.521069, "process_kernel_time": 0.311106, "process_mem_max_rss": "95100", "process_in_blocks": "33736", "process_out_blocks": "16", "command_success": false}
[0m19:43:41.793611 [debug] [MainThread]: Command `dbt debug` failed at 19:43:41.793392 after 0.14 seconds
[0m19:43:41.794360 [debug] [MainThread]: Sending event: {'category': 'dbt', 'action': 'invocation', 'label': 'end', 'context': [<snowplow_tracker.self_describing_json.SelfDescribingJson object at 0x7af4442d3a90>, <snowplow_tracker.self_describing_json.SelfDescribingJson object at 0x7af444282990>, <snowplow_tracker.self_describing_json.SelfDescribingJson object at 0x7af448224550>]}
[0m19:43:41.795240 [debug] [MainThread]: Flushing usage events
[0m20:44:23.566066 [debug] [MainThread]: Sending event: {'category': 'dbt', 'action': 'invocation', 'label': 'start', 'context': [<snowplow_tracker.self_describing_json.SelfDescribingJson object at 0x7c03e4615590>, <snowplow_tracker.self_describing_json.SelfDescribingJson object at 0x7c03e4613790>, <snowplow_tracker.self_describing_json.SelfDescribingJson object at 0x7c03e4616690>]}


============================== 20:44:23.577825 | 50726bc4-7daf-4c06-8e2e-004013dbfadd ==============================
[0m20:44:23.577825 [info ] [MainThread]: Running with dbt=1.8.8
[0m20:44:23.579289 [debug] [MainThread]: running dbt with arguments {'printer_width': '80', 'indirect_selection': 'eager', 'write_json': 'True', 'log_cache_events': 'False', 'partial_parse': 'True', 'cache_selected_only': 'False', 'profiles_dir': '.', 'fail_fast': 'False', 'version_check': 'True', 'log_path': 'logs', 'debug': 'False', 'warn_error': 'None', 'use_colors': 'True', 'use_experimental_parser': 'False', 'empty': 'None', 'quiet': 'False', 'no_print': 'None', 'log_format': 'default', 'invocation_command': 'dbt debug --profiles-dir .', 'introspect': 'True', 'static_parser': 'True', 'target_path': 'None', 'warn_error_options': 'WarnErrorOptions(include=[], exclude=[])', 'send_anonymous_usage_stats': 'True'}
[0m20:44:23.602251 [info ] [MainThread]: dbt version: 1.8.8
[0m20:44:23.603121 [info ] [MainThread]: python version: 3.11.7
[0m20:44:23.604086 [info ] [MainThread]: python path: /usr/local/bin/python
[0m20:44:23.604875 [info ] [MainThread]: os info: Linux-6.14.0-37-generic-x86_64-with-glibc2.36
[0m20:44:23.605903 [info ] [MainThread]: Using profiles dir at .
[0m20:44:23.607020 [info ] [MainThread]: Using profiles.yml file at ./profiles.yml
[0m20:44:23.607975 [info ] [MainThread]: Using dbt_project.yml file at /opt/airflow/dbt_project.yml
[0m20:44:23.608965 [info ] [MainThread]: Configuration:
[0m20:44:23.609882 [info ] [MainThread]:   profiles.yml file [[31mERROR not found[0m]
[0m20:44:23.610648 [info ] [MainThread]:   dbt_project.yml file [[31mERROR not found[0m]
[0m20:44:23.611448 [info ] [MainThread]: Required dependencies:
[0m20:44:23.612245 [debug] [MainThread]: Executing "git --help"
[0m20:44:23.625489 [debug] [MainThread]: STDOUT: "b"usage: git [-v | --version] [-h | --help] [-C <path>] [-c <name>=<value>]\n           [--exec-path[=<path>]] [--html-path] [--man-path] [--info-path]\n           [-p | --paginate | -P | --no-pager] [--no-replace-objects] [--bare]\n           [--git-dir=<path>] [--work-tree=<path>] [--namespace=<name>]\n           [--super-prefix=<path>] [--config-env=<name>=<envvar>]\n           <command> [<args>]\n\nThese are common Git commands used in various situations:\n\nstart a working area (see also: git help tutorial)\n   clone     Clone a repository into a new directory\n   init      Create an empty Git repository or reinitialize an existing one\n\nwork on the current change (see also: git help everyday)\n   add       Add file contents to the index\n   mv        Move or rename a file, a directory, or a symlink\n   restore   Restore working tree files\n   rm        Remove files from the working tree and from the index\n\nexamine the history and state (see also: git help revisions)\n   bisect    Use binary search to find the commit that introduced a bug\n   diff      Show changes between commits, commit and working tree, etc\n   grep      Print lines matching a pattern\n   log       Show commit logs\n   show      Show various types of objects\n   status    Show the working tree status\n\ngrow, mark and tweak your common history\n   branch    List, create, or delete branches\n   commit    Record changes to the repository\n   merge     Join two or more development histories together\n   rebase    Reapply commits on top of another base tip\n   reset     Reset current HEAD to the specified state\n   switch    Switch branches\n   tag       Create, list, delete or verify a tag object signed with GPG\n\ncollaborate (see also: git help workflows)\n   fetch     Download objects and refs from another repository\n   pull      Fetch from and integrate with another repository or a local branch\n   push      Update remote refs along with associated objects\n\n'git help -a' and 'git help -g' list available subcommands and some\nconcept guides. See 'git help <command>' or 'git help <concept>'\nto read about a specific subcommand or concept.\nSee 'git help git' for an overview of the system.\n""
[0m20:44:23.626530 [debug] [MainThread]: STDERR: "b''"
[0m20:44:23.627272 [info ] [MainThread]:  - git [[32mOK found[0m]

[0m20:44:23.628082 [info ] [MainThread]: Connection test skipped since no profile was found
[0m20:44:23.629071 [info ] [MainThread]: [31m2 checks failed:[0m
[0m20:44:23.629836 [info ] [MainThread]: dbt looked for a profiles.yml file in ./profiles.yml, but did
not find one. For more information on configuring your profile, consult the
documentation:

https://docs.getdbt.com/docs/configure-your-profile


[0m20:44:23.630614 [info ] [MainThread]: Project loading failed for the following reason:
 project path </opt/airflow/dbt_project.yml> not found

[0m20:44:23.632482 [debug] [MainThread]: Resource report: {"command_name": "debug", "command_wall_clock_time": 0.15080518, "process_user_time": 2.530009, "process_kernel_time": 0.371148, "process_mem_max_rss": "94948", "process_in_blocks": "90888", "process_out_blocks": "24", "command_success": false}
[0m20:44:23.633639 [debug] [MainThread]: Command `dbt debug` failed at 20:44:23.633422 after 0.15 seconds
[0m20:44:23.634390 [debug] [MainThread]: Sending event: {'category': 'dbt', 'action': 'invocation', 'label': 'end', 'context': [<snowplow_tracker.self_describing_json.SelfDescribingJson object at 0x7c03e45c69d0>, <snowplow_tracker.self_describing_json.SelfDescribingJson object at 0x7c03e47c1650>, <snowplow_tracker.self_describing_json.SelfDescribingJson object at 0x7c03e85604d0>]}
[0m20:44:23.635174 [debug] [MainThread]: Flushing usage events
[0m20:52:27.016341 [debug] [MainThread]: Sending event: {'category': 'dbt', 'action': 'invocation', 'label': 'start', 'context': [<snowplow_tracker.self_describing_json.SelfDescribingJson object at 0x74de00b2e7d0>, <snowplow_tracker.self_describing_json.SelfDescribingJson object at 0x74de00b2e750>, <snowplow_tracker.self_describing_json.SelfDescribingJson object at 0x74de00b2ed10>]}


============================== 20:52:27.026775 | c933ef59-ca12-499f-bded-afa39b861c96 ==============================
[0m20:52:27.026775 [info ] [MainThread]: Running with dbt=1.8.8
[0m20:52:27.027911 [debug] [MainThread]: running dbt with arguments {'printer_width': '80', 'indirect_selection': 'eager', 'write_json': 'True', 'log_cache_events': 'False', 'partial_parse': 'True', 'cache_selected_only': 'False', 'profiles_dir': '.', 'fail_fast': 'False', 'version_check': 'True', 'log_path': 'logs', 'debug': 'False', 'warn_error': 'None', 'use_colors': 'True', 'use_experimental_parser': 'False', 'no_print': 'None', 'quiet': 'False', 'empty': 'None', 'log_format': 'default', 'invocation_command': 'dbt debug --profiles-dir .', 'introspect': 'True', 'static_parser': 'True', 'target_path': 'None', 'warn_error_options': 'WarnErrorOptions(include=[], exclude=[])', 'send_anonymous_usage_stats': 'True'}
[0m20:52:27.042034 [info ] [MainThread]: dbt version: 1.8.8
[0m20:52:27.043041 [info ] [MainThread]: python version: 3.11.7
[0m20:52:27.043903 [info ] [MainThread]: python path: /usr/local/bin/python
[0m20:52:27.044673 [info ] [MainThread]: os info: Linux-6.14.0-37-generic-x86_64-with-glibc2.36
[0m20:52:27.045550 [info ] [MainThread]: Using profiles dir at .
[0m20:52:27.046340 [info ] [MainThread]: Using profiles.yml file at ./profiles.yml
[0m20:52:27.047028 [info ] [MainThread]: Using dbt_project.yml file at /opt/airflow/dbt_project.yml
[0m20:52:27.047715 [info ] [MainThread]: Configuration:
[0m20:52:27.048405 [info ] [MainThread]:   profiles.yml file [[31mERROR not found[0m]
[0m20:52:27.049129 [info ] [MainThread]:   dbt_project.yml file [[31mERROR not found[0m]
[0m20:52:27.049778 [info ] [MainThread]: Required dependencies:
[0m20:52:27.050451 [debug] [MainThread]: Executing "git --help"
[0m20:52:27.053810 [debug] [MainThread]: STDOUT: "b"usage: git [-v | --version] [-h | --help] [-C <path>] [-c <name>=<value>]\n           [--exec-path[=<path>]] [--html-path] [--man-path] [--info-path]\n           [-p | --paginate | -P | --no-pager] [--no-replace-objects] [--bare]\n           [--git-dir=<path>] [--work-tree=<path>] [--namespace=<name>]\n           [--super-prefix=<path>] [--config-env=<name>=<envvar>]\n           <command> [<args>]\n\nThese are common Git commands used in various situations:\n\nstart a working area (see also: git help tutorial)\n   clone     Clone a repository into a new directory\n   init      Create an empty Git repository or reinitialize an existing one\n\nwork on the current change (see also: git help everyday)\n   add       Add file contents to the index\n   mv        Move or rename a file, a directory, or a symlink\n   restore   Restore working tree files\n   rm        Remove files from the working tree and from the index\n\nexamine the history and state (see also: git help revisions)\n   bisect    Use binary search to find the commit that introduced a bug\n   diff      Show changes between commits, commit and working tree, etc\n   grep      Print lines matching a pattern\n   log       Show commit logs\n   show      Show various types of objects\n   status    Show the working tree status\n\ngrow, mark and tweak your common history\n   branch    List, create, or delete branches\n   commit    Record changes to the repository\n   merge     Join two or more development histories together\n   rebase    Reapply commits on top of another base tip\n   reset     Reset current HEAD to the specified state\n   switch    Switch branches\n   tag       Create, list, delete or verify a tag object signed with GPG\n\ncollaborate (see also: git help workflows)\n   fetch     Download objects and refs from another repository\n   pull      Fetch from and integrate with another repository or a local branch\n   push      Update remote refs along with associated objects\n\n'git help -a' and 'git help -g' list available subcommands and some\nconcept guides. See 'git help <command>' or 'git help <concept>'\nto read about a specific subcommand or concept.\nSee 'git help git' for an overview of the system.\n""
[0m20:52:27.055114 [debug] [MainThread]: STDERR: "b''"
[0m20:52:27.056075 [info ] [MainThread]:  - git [[32mOK found[0m]

[0m20:52:27.057102 [info ] [MainThread]: Connection test skipped since no profile was found
[0m20:52:27.058074 [info ] [MainThread]: [31m2 checks failed:[0m
[0m20:52:27.058996 [info ] [MainThread]: dbt looked for a profiles.yml file in ./profiles.yml, but did
not find one. For more information on configuring your profile, consult the
documentation:

https://docs.getdbt.com/docs/configure-your-profile


[0m20:52:27.059995 [info ] [MainThread]: Project loading failed for the following reason:
 project path </opt/airflow/dbt_project.yml> not found

[0m20:52:27.061546 [debug] [MainThread]: Resource report: {"command_name": "debug", "command_wall_clock_time": 0.12946722, "process_user_time": 2.440411, "process_kernel_time": 0.233517, "process_mem_max_rss": "95312", "process_in_blocks": "23488", "process_out_blocks": "16", "command_success": false}
[0m20:52:27.062526 [debug] [MainThread]: Command `dbt debug` failed at 20:52:27.062339 after 0.13 seconds
[0m20:52:27.063366 [debug] [MainThread]: Sending event: {'category': 'dbt', 'action': 'invocation', 'label': 'end', 'context': [<snowplow_tracker.self_describing_json.SelfDescribingJson object at 0x74de00ade910>, <snowplow_tracker.self_describing_json.SelfDescribingJson object at 0x74de04a80590>, <snowplow_tracker.self_describing_json.SelfDescribingJson object at 0x74de00ad1a10>]}
[0m20:52:27.064118 [debug] [MainThread]: Flushing usage events
[0m06:31:27.592807 [debug] [MainThread]: Got an exception trying to initialize tracking
[0m06:31:27.592898 [debug] [MainThread]: Got an exception trying to initialize tracking


============================== 06:31:27.642809 | b311fc5a-0273-4786-b9f9-7a9c1ba54f98 ==============================
[0m06:31:27.642809 [info ] [MainThread]: Running with dbt=1.8.8


============================== 06:31:27.642809 | f6373335-725e-46e1-8c8d-9b8cf91e348d ==============================
[0m06:31:27.642809 [info ] [MainThread]: Running with dbt=1.8.8
[0m06:31:27.644628 [debug] [MainThread]: running dbt with arguments {'printer_width': '80', 'indirect_selection': 'eager', 'log_cache_events': 'False', 'write_json': 'True', 'partial_parse': 'True', 'cache_selected_only': 'False', 'warn_error': 'None', 'debug': 'False', 'fail_fast': 'False', 'log_path': '/opt/airflow/logs', 'version_check': 'True', 'profiles_dir': '.', 'use_colors': 'True', 'use_experimental_parser': 'False', 'empty': 'False', 'quiet': 'False', 'no_print': 'None', 'log_format': 'default', 'static_parser': 'True', 'invocation_command': 'dbt run --profiles-dir . --log-path /opt/airflow/logs', 'introspect': 'True', 'target_path': 'None', 'warn_error_options': 'WarnErrorOptions(include=[], exclude=[])', 'send_anonymous_usage_stats': 'True'}
[0m06:31:27.644628 [debug] [MainThread]: running dbt with arguments {'printer_width': '80', 'indirect_selection': 'eager', 'log_cache_events': 'False', 'write_json': 'True', 'partial_parse': 'True', 'cache_selected_only': 'False', 'warn_error': 'None', 'fail_fast': 'False', 'profiles_dir': '.', 'log_path': '/opt/airflow/logs', 'version_check': 'True', 'debug': 'False', 'use_colors': 'True', 'use_experimental_parser': 'False', 'no_print': 'None', 'quiet': 'False', 'empty': 'False', 'log_format': 'default', 'static_parser': 'True', 'introspect': 'True', 'invocation_command': 'dbt run --profiles-dir . --log-path /opt/airflow/logs', 'target_path': 'None', 'warn_error_options': 'WarnErrorOptions(include=[], exclude=[])', 'send_anonymous_usage_stats': 'True'}
[0m06:31:28.174089 [info ] [MainThread]: Registered adapter: postgres=1.9.1
[0m06:31:28.176034 [info ] [MainThread]: Registered adapter: postgres=1.9.1
[0m06:31:28.203688 [debug] [MainThread]: checksum: ec53e341a936509427e16df1c646386a84befec52c1957e3f4359fbc36fc93f5, vars: {}, profile: , target: , version: 1.8.8
[0m06:31:28.204477 [debug] [MainThread]: checksum: ec53e341a936509427e16df1c646386a84befec52c1957e3f4359fbc36fc93f5, vars: {}, profile: , target: , version: 1.8.8
[0m06:31:28.205797 [info ] [MainThread]: Unable to do partial parsing because saved manifest not found. Starting full parse.
[0m06:31:28.205956 [info ] [MainThread]: Unable to do partial parsing because saved manifest not found. Starting full parse.
[0m06:31:30.997912 [error] [MainThread]: Encountered an error:
[Errno 13] Permission denied: '/dbt/target'
[0m06:31:31.028969 [error] [MainThread]: Traceback (most recent call last):
  File "/home/airflow/.local/lib/python3.11/site-packages/dbt/cli/requires.py", line 138, in wrapper
    result, success = func(*args, **kwargs)
                      ^^^^^^^^^^^^^^^^^^^^^
  File "/home/airflow/.local/lib/python3.11/site-packages/dbt/cli/requires.py", line 101, in wrapper
    return func(*args, **kwargs)
           ^^^^^^^^^^^^^^^^^^^^^
  File "/home/airflow/.local/lib/python3.11/site-packages/dbt/cli/requires.py", line 218, in wrapper
    return func(*args, **kwargs)
           ^^^^^^^^^^^^^^^^^^^^^
  File "/home/airflow/.local/lib/python3.11/site-packages/dbt/cli/requires.py", line 247, in wrapper
    return func(*args, **kwargs)
           ^^^^^^^^^^^^^^^^^^^^^
  File "/home/airflow/.local/lib/python3.11/site-packages/dbt/cli/requires.py", line 294, in wrapper
    return func(*args, **kwargs)
           ^^^^^^^^^^^^^^^^^^^^^
  File "/home/airflow/.local/lib/python3.11/site-packages/dbt/cli/requires.py", line 320, in wrapper
    ctx.obj["manifest"] = parse_manifest(
                          ^^^^^^^^^^^^^^^
  File "/home/airflow/.local/lib/python3.11/site-packages/dbt/parser/manifest.py", line 1898, in parse_manifest
    manifest = ManifestLoader.get_full_manifest(
               ^^^^^^^^^^^^^^^^^^^^^^^^^^^^^^^^^
  File "/home/airflow/.local/lib/python3.11/site-packages/dbt/parser/manifest.py", line 330, in get_full_manifest
    manifest = loader.load()
               ^^^^^^^^^^^^^
  File "/home/airflow/.local/lib/python3.11/site-packages/dbt/parser/manifest.py", line 525, in load
    self.write_manifest_for_partial_parse()
  File "/home/airflow/.local/lib/python3.11/site-packages/dbt/parser/manifest.py", line 812, in write_manifest_for_partial_parse
    make_directory(os.path.dirname(path))
  File "/usr/local/lib/python3.11/functools.py", line 909, in wrapper
    return dispatch(args[0].__class__)(*args, **kw)
           ^^^^^^^^^^^^^^^^^^^^^^^^^^^^^^^^^^^^^^^^
  File "/home/airflow/.local/lib/python3.11/site-packages/dbt_common/clients/system.py", line 209, in _
    raise e
  File "/home/airflow/.local/lib/python3.11/site-packages/dbt_common/clients/system.py", line 203, in _
    os.makedirs(path)
  File "<frozen os>", line 225, in makedirs
PermissionError: [Errno 13] Permission denied: '/dbt/target'

[0m06:31:31.038801 [debug] [MainThread]: Resource report: {"command_name": "run", "command_wall_clock_time": 3.534297, "process_user_time": 7.113872, "process_kernel_time": 0.608996, "process_mem_max_rss": "217620", "process_in_blocks": "47248", "process_out_blocks": "1888", "command_success": false}
[0m06:31:31.041792 [debug] [MainThread]: Command `dbt run` failed at 06:31:31.040644 after 3.54 seconds
[0m06:31:31.043369 [debug] [MainThread]: Flushing usage events
[0m06:31:31.269239 [error] [MainThread]: Encountered an error:
[Errno 13] Permission denied: '/dbt/target'
[0m06:31:31.313114 [error] [MainThread]: Traceback (most recent call last):
  File "/home/airflow/.local/lib/python3.11/site-packages/dbt/cli/requires.py", line 138, in wrapper
    result, success = func(*args, **kwargs)
                      ^^^^^^^^^^^^^^^^^^^^^
  File "/home/airflow/.local/lib/python3.11/site-packages/dbt/cli/requires.py", line 101, in wrapper
    return func(*args, **kwargs)
           ^^^^^^^^^^^^^^^^^^^^^
  File "/home/airflow/.local/lib/python3.11/site-packages/dbt/cli/requires.py", line 218, in wrapper
    return func(*args, **kwargs)
           ^^^^^^^^^^^^^^^^^^^^^
  File "/home/airflow/.local/lib/python3.11/site-packages/dbt/cli/requires.py", line 247, in wrapper
    return func(*args, **kwargs)
           ^^^^^^^^^^^^^^^^^^^^^
  File "/home/airflow/.local/lib/python3.11/site-packages/dbt/cli/requires.py", line 294, in wrapper
    return func(*args, **kwargs)
           ^^^^^^^^^^^^^^^^^^^^^
  File "/home/airflow/.local/lib/python3.11/site-packages/dbt/cli/requires.py", line 320, in wrapper
    ctx.obj["manifest"] = parse_manifest(
                          ^^^^^^^^^^^^^^^
  File "/home/airflow/.local/lib/python3.11/site-packages/dbt/parser/manifest.py", line 1898, in parse_manifest
    manifest = ManifestLoader.get_full_manifest(
               ^^^^^^^^^^^^^^^^^^^^^^^^^^^^^^^^^
  File "/home/airflow/.local/lib/python3.11/site-packages/dbt/parser/manifest.py", line 330, in get_full_manifest
    manifest = loader.load()
               ^^^^^^^^^^^^^
  File "/home/airflow/.local/lib/python3.11/site-packages/dbt/parser/manifest.py", line 525, in load
    self.write_manifest_for_partial_parse()
  File "/home/airflow/.local/lib/python3.11/site-packages/dbt/parser/manifest.py", line 812, in write_manifest_for_partial_parse
    make_directory(os.path.dirname(path))
  File "/usr/local/lib/python3.11/functools.py", line 909, in wrapper
    return dispatch(args[0].__class__)(*args, **kw)
           ^^^^^^^^^^^^^^^^^^^^^^^^^^^^^^^^^^^^^^^^
  File "/home/airflow/.local/lib/python3.11/site-packages/dbt_common/clients/system.py", line 209, in _
    raise e
  File "/home/airflow/.local/lib/python3.11/site-packages/dbt_common/clients/system.py", line 203, in _
    os.makedirs(path)
  File "<frozen os>", line 225, in makedirs
PermissionError: [Errno 13] Permission denied: '/dbt/target'

[0m06:31:31.404501 [debug] [MainThread]: Resource report: {"command_name": "run", "command_wall_clock_time": 3.90074, "process_user_time": 7.364156, "process_kernel_time": 0.607913, "process_mem_max_rss": "217416", "process_in_blocks": "28312", "process_out_blocks": "1672", "command_success": false}
[0m06:31:31.407342 [debug] [MainThread]: Command `dbt run` failed at 06:31:31.406892 after 3.90 seconds
[0m06:31:31.408958 [debug] [MainThread]: Flushing usage events
[0m06:36:38.784454 [debug] [MainThread]: Got an exception trying to initialize tracking


============================== 06:36:38.807417 | 2474f9fd-b7eb-441d-8f69-d25954dfe745 ==============================
[0m06:36:38.807417 [info ] [MainThread]: Running with dbt=1.8.8
[0m06:36:38.809453 [debug] [MainThread]: running dbt with arguments {'printer_width': '80', 'indirect_selection': 'eager', 'write_json': 'True', 'log_cache_events': 'False', 'partial_parse': 'True', 'cache_selected_only': 'False', 'warn_error': 'None', 'version_check': 'True', 'debug': 'False', 'log_path': '/opt/airflow/logs', 'profiles_dir': '.', 'fail_fast': 'False', 'use_colors': 'True', 'use_experimental_parser': 'False', 'no_print': 'None', 'quiet': 'False', 'empty': 'False', 'warn_error_options': 'WarnErrorOptions(include=[], exclude=[])', 'invocation_command': 'dbt run --profiles-dir . --log-path /opt/airflow/logs', 'static_parser': 'True', 'introspect': 'True', 'target_path': 'None', 'log_format': 'default', 'send_anonymous_usage_stats': 'True'}
[0m06:36:39.510282 [info ] [MainThread]: Registered adapter: postgres=1.9.1
[0m06:36:39.576448 [debug] [MainThread]: checksum: ec53e341a936509427e16df1c646386a84befec52c1957e3f4359fbc36fc93f5, vars: {}, profile: , target: , version: 1.8.8
[0m06:36:39.581855 [info ] [MainThread]: Unable to do partial parsing because saved manifest not found. Starting full parse.
[0m06:36:41.009635 [debug] [MainThread]: Got an exception trying to initialize tracking


============================== 06:36:41.029053 | 1867116d-5404-43bd-9a7f-ef0b1d772892 ==============================
[0m06:36:41.029053 [info ] [MainThread]: Running with dbt=1.8.8
[0m06:36:41.030587 [debug] [MainThread]: running dbt with arguments {'printer_width': '80', 'indirect_selection': 'eager', 'log_cache_events': 'False', 'write_json': 'True', 'partial_parse': 'True', 'cache_selected_only': 'False', 'warn_error': 'None', 'fail_fast': 'False', 'debug': 'False', 'log_path': '/opt/airflow/logs', 'version_check': 'True', 'profiles_dir': '.', 'use_colors': 'True', 'use_experimental_parser': 'False', 'no_print': 'None', 'quiet': 'False', 'empty': 'False', 'warn_error_options': 'WarnErrorOptions(include=[], exclude=[])', 'introspect': 'True', 'invocation_command': 'dbt run --profiles-dir . --log-path /opt/airflow/logs', 'static_parser': 'True', 'target_path': 'None', 'log_format': 'default', 'send_anonymous_usage_stats': 'True'}
[0m06:36:41.606937 [info ] [MainThread]: Registered adapter: postgres=1.9.1
[0m06:36:41.635803 [debug] [MainThread]: checksum: ec53e341a936509427e16df1c646386a84befec52c1957e3f4359fbc36fc93f5, vars: {}, profile: , target: , version: 1.8.8
[0m06:36:41.637721 [info ] [MainThread]: Unable to do partial parsing because saved manifest not found. Starting full parse.
[0m06:36:42.467495 [error] [MainThread]: Encountered an error:
[Errno 13] Permission denied: '/dbt/target'
[0m06:36:42.471394 [error] [MainThread]: Traceback (most recent call last):
  File "/home/airflow/.local/lib/python3.11/site-packages/dbt/cli/requires.py", line 138, in wrapper
    result, success = func(*args, **kwargs)
                      ^^^^^^^^^^^^^^^^^^^^^
  File "/home/airflow/.local/lib/python3.11/site-packages/dbt/cli/requires.py", line 101, in wrapper
    return func(*args, **kwargs)
           ^^^^^^^^^^^^^^^^^^^^^
  File "/home/airflow/.local/lib/python3.11/site-packages/dbt/cli/requires.py", line 218, in wrapper
    return func(*args, **kwargs)
           ^^^^^^^^^^^^^^^^^^^^^
  File "/home/airflow/.local/lib/python3.11/site-packages/dbt/cli/requires.py", line 247, in wrapper
    return func(*args, **kwargs)
           ^^^^^^^^^^^^^^^^^^^^^
  File "/home/airflow/.local/lib/python3.11/site-packages/dbt/cli/requires.py", line 294, in wrapper
    return func(*args, **kwargs)
           ^^^^^^^^^^^^^^^^^^^^^
  File "/home/airflow/.local/lib/python3.11/site-packages/dbt/cli/requires.py", line 320, in wrapper
    ctx.obj["manifest"] = parse_manifest(
                          ^^^^^^^^^^^^^^^
  File "/home/airflow/.local/lib/python3.11/site-packages/dbt/parser/manifest.py", line 1898, in parse_manifest
    manifest = ManifestLoader.get_full_manifest(
               ^^^^^^^^^^^^^^^^^^^^^^^^^^^^^^^^^
  File "/home/airflow/.local/lib/python3.11/site-packages/dbt/parser/manifest.py", line 330, in get_full_manifest
    manifest = loader.load()
               ^^^^^^^^^^^^^
  File "/home/airflow/.local/lib/python3.11/site-packages/dbt/parser/manifest.py", line 525, in load
    self.write_manifest_for_partial_parse()
  File "/home/airflow/.local/lib/python3.11/site-packages/dbt/parser/manifest.py", line 812, in write_manifest_for_partial_parse
    make_directory(os.path.dirname(path))
  File "/usr/local/lib/python3.11/functools.py", line 909, in wrapper
    return dispatch(args[0].__class__)(*args, **kw)
           ^^^^^^^^^^^^^^^^^^^^^^^^^^^^^^^^^^^^^^^^
  File "/home/airflow/.local/lib/python3.11/site-packages/dbt_common/clients/system.py", line 209, in _
    raise e
  File "/home/airflow/.local/lib/python3.11/site-packages/dbt_common/clients/system.py", line 203, in _
    os.makedirs(path)
  File "<frozen os>", line 225, in makedirs
PermissionError: [Errno 13] Permission denied: '/dbt/target'

[0m06:36:42.473121 [debug] [MainThread]: Resource report: {"command_name": "run", "command_wall_clock_time": 3.8268964, "process_user_time": 6.68309, "process_kernel_time": 0.375824, "process_mem_max_rss": "217432", "process_out_blocks": "24", "command_success": false, "process_in_blocks": "0"}
[0m06:36:42.474089 [debug] [MainThread]: Command `dbt run` failed at 06:36:42.473897 after 3.83 seconds
[0m06:36:42.474770 [debug] [MainThread]: Flushing usage events
[0m06:36:44.153650 [error] [MainThread]: Encountered an error:
[Errno 13] Permission denied: '/dbt/target'
[0m06:36:44.158052 [error] [MainThread]: Traceback (most recent call last):
  File "/home/airflow/.local/lib/python3.11/site-packages/dbt/cli/requires.py", line 138, in wrapper
    result, success = func(*args, **kwargs)
                      ^^^^^^^^^^^^^^^^^^^^^
  File "/home/airflow/.local/lib/python3.11/site-packages/dbt/cli/requires.py", line 101, in wrapper
    return func(*args, **kwargs)
           ^^^^^^^^^^^^^^^^^^^^^
  File "/home/airflow/.local/lib/python3.11/site-packages/dbt/cli/requires.py", line 218, in wrapper
    return func(*args, **kwargs)
           ^^^^^^^^^^^^^^^^^^^^^
  File "/home/airflow/.local/lib/python3.11/site-packages/dbt/cli/requires.py", line 247, in wrapper
    return func(*args, **kwargs)
           ^^^^^^^^^^^^^^^^^^^^^
  File "/home/airflow/.local/lib/python3.11/site-packages/dbt/cli/requires.py", line 294, in wrapper
    return func(*args, **kwargs)
           ^^^^^^^^^^^^^^^^^^^^^
  File "/home/airflow/.local/lib/python3.11/site-packages/dbt/cli/requires.py", line 320, in wrapper
    ctx.obj["manifest"] = parse_manifest(
                          ^^^^^^^^^^^^^^^
  File "/home/airflow/.local/lib/python3.11/site-packages/dbt/parser/manifest.py", line 1898, in parse_manifest
    manifest = ManifestLoader.get_full_manifest(
               ^^^^^^^^^^^^^^^^^^^^^^^^^^^^^^^^^
  File "/home/airflow/.local/lib/python3.11/site-packages/dbt/parser/manifest.py", line 330, in get_full_manifest
    manifest = loader.load()
               ^^^^^^^^^^^^^
  File "/home/airflow/.local/lib/python3.11/site-packages/dbt/parser/manifest.py", line 525, in load
    self.write_manifest_for_partial_parse()
  File "/home/airflow/.local/lib/python3.11/site-packages/dbt/parser/manifest.py", line 812, in write_manifest_for_partial_parse
    make_directory(os.path.dirname(path))
  File "/usr/local/lib/python3.11/functools.py", line 909, in wrapper
    return dispatch(args[0].__class__)(*args, **kw)
           ^^^^^^^^^^^^^^^^^^^^^^^^^^^^^^^^^^^^^^^^
  File "/home/airflow/.local/lib/python3.11/site-packages/dbt_common/clients/system.py", line 209, in _
    raise e
  File "/home/airflow/.local/lib/python3.11/site-packages/dbt_common/clients/system.py", line 203, in _
    os.makedirs(path)
  File "<frozen os>", line 225, in makedirs
PermissionError: [Errno 13] Permission denied: '/dbt/target'

[0m06:36:44.159926 [debug] [MainThread]: Resource report: {"command_name": "run", "command_wall_clock_time": 3.2991023, "process_user_time": 6.345151, "process_kernel_time": 0.423737, "process_mem_max_rss": "217428", "command_success": false, "process_in_blocks": "0", "process_out_blocks": "0"}
[0m06:36:44.161347 [debug] [MainThread]: Command `dbt run` failed at 06:36:44.161031 after 3.30 seconds
[0m06:36:44.162456 [debug] [MainThread]: Flushing usage events
[0m05:38:09.768918 [debug] [MainThread]: Got an exception trying to initialize tracking


============================== 05:38:09.826404 | 4c56b5c7-642b-4cdd-b6db-f5f6467c7080 ==============================
[0m05:38:09.826404 [info ] [MainThread]: Running with dbt=1.8.8
[0m05:38:09.827699 [debug] [MainThread]: running dbt with arguments {'printer_width': '80', 'indirect_selection': 'eager', 'log_cache_events': 'False', 'write_json': 'True', 'partial_parse': 'True', 'cache_selected_only': 'False', 'profiles_dir': '.', 'fail_fast': 'False', 'version_check': 'True', 'log_path': '/opt/airflow/logs', 'warn_error': 'None', 'debug': 'False', 'use_colors': 'True', 'use_experimental_parser': 'False', 'empty': 'False', 'quiet': 'False', 'no_print': 'None', 'log_format': 'default', 'introspect': 'True', 'static_parser': 'True', 'invocation_command': 'dbt run --profiles-dir . --log-path /opt/airflow/logs', 'target_path': 'None', 'warn_error_options': 'WarnErrorOptions(include=[], exclude=[])', 'send_anonymous_usage_stats': 'True'}
[0m05:38:09.825060 [debug] [MainThread]: Got an exception trying to initialize tracking


============================== 05:38:09.844165 | 6ce1ce7c-a3c5-4b99-9d7c-07d768af10cd ==============================
[0m05:38:09.844165 [info ] [MainThread]: Running with dbt=1.8.8
[0m05:38:09.845509 [debug] [MainThread]: running dbt with arguments {'printer_width': '80', 'indirect_selection': 'eager', 'write_json': 'True', 'log_cache_events': 'False', 'partial_parse': 'True', 'cache_selected_only': 'False', 'warn_error': 'None', 'fail_fast': 'False', 'debug': 'False', 'log_path': '/opt/airflow/logs', 'version_check': 'True', 'profiles_dir': '.', 'use_colors': 'True', 'use_experimental_parser': 'False', 'empty': 'False', 'quiet': 'False', 'no_print': 'None', 'log_format': 'default', 'static_parser': 'True', 'introspect': 'True', 'invocation_command': 'dbt run --profiles-dir . --log-path /opt/airflow/logs', 'target_path': 'None', 'warn_error_options': 'WarnErrorOptions(include=[], exclude=[])', 'send_anonymous_usage_stats': 'True'}
[0m05:38:10.547429 [info ] [MainThread]: Registered adapter: postgres=1.9.1
[0m05:38:10.559841 [info ] [MainThread]: Registered adapter: postgres=1.9.1
[0m05:38:10.588395 [debug] [MainThread]: checksum: ec53e341a936509427e16df1c646386a84befec52c1957e3f4359fbc36fc93f5, vars: {}, profile: , target: , version: 1.8.8
[0m05:38:10.592385 [debug] [MainThread]: checksum: ec53e341a936509427e16df1c646386a84befec52c1957e3f4359fbc36fc93f5, vars: {}, profile: , target: , version: 1.8.8
[0m05:38:10.592499 [info ] [MainThread]: Unable to do partial parsing because saved manifest not found. Starting full parse.
[0m05:38:10.594853 [info ] [MainThread]: Unable to do partial parsing because saved manifest not found. Starting full parse.
[0m05:38:13.861155 [error] [MainThread]: Encountered an error:
[Errno 13] Permission denied: '/dbt/target'
[0m05:38:13.867110 [error] [MainThread]: Traceback (most recent call last):
  File "/home/airflow/.local/lib/python3.11/site-packages/dbt/cli/requires.py", line 138, in wrapper
    result, success = func(*args, **kwargs)
                      ^^^^^^^^^^^^^^^^^^^^^
  File "/home/airflow/.local/lib/python3.11/site-packages/dbt/cli/requires.py", line 101, in wrapper
    return func(*args, **kwargs)
           ^^^^^^^^^^^^^^^^^^^^^
  File "/home/airflow/.local/lib/python3.11/site-packages/dbt/cli/requires.py", line 218, in wrapper
    return func(*args, **kwargs)
           ^^^^^^^^^^^^^^^^^^^^^
  File "/home/airflow/.local/lib/python3.11/site-packages/dbt/cli/requires.py", line 247, in wrapper
    return func(*args, **kwargs)
           ^^^^^^^^^^^^^^^^^^^^^
  File "/home/airflow/.local/lib/python3.11/site-packages/dbt/cli/requires.py", line 294, in wrapper
    return func(*args, **kwargs)
           ^^^^^^^^^^^^^^^^^^^^^
  File "/home/airflow/.local/lib/python3.11/site-packages/dbt/cli/requires.py", line 320, in wrapper
    ctx.obj["manifest"] = parse_manifest(
                          ^^^^^^^^^^^^^^^
  File "/home/airflow/.local/lib/python3.11/site-packages/dbt/parser/manifest.py", line 1898, in parse_manifest
    manifest = ManifestLoader.get_full_manifest(
               ^^^^^^^^^^^^^^^^^^^^^^^^^^^^^^^^^
  File "/home/airflow/.local/lib/python3.11/site-packages/dbt/parser/manifest.py", line 330, in get_full_manifest
    manifest = loader.load()
               ^^^^^^^^^^^^^
  File "/home/airflow/.local/lib/python3.11/site-packages/dbt/parser/manifest.py", line 525, in load
    self.write_manifest_for_partial_parse()
  File "/home/airflow/.local/lib/python3.11/site-packages/dbt/parser/manifest.py", line 812, in write_manifest_for_partial_parse
    make_directory(os.path.dirname(path))
  File "/usr/local/lib/python3.11/functools.py", line 909, in wrapper
    return dispatch(args[0].__class__)(*args, **kw)
           ^^^^^^^^^^^^^^^^^^^^^^^^^^^^^^^^^^^^^^^^
  File "/home/airflow/.local/lib/python3.11/site-packages/dbt_common/clients/system.py", line 209, in _
    raise e
  File "/home/airflow/.local/lib/python3.11/site-packages/dbt_common/clients/system.py", line 203, in _
    os.makedirs(path)
  File "<frozen os>", line 225, in makedirs
PermissionError: [Errno 13] Permission denied: '/dbt/target'

[0m05:38:13.869384 [debug] [MainThread]: Resource report: {"command_name": "run", "command_wall_clock_time": 4.199918, "process_user_time": 7.387734, "process_kernel_time": 0.469521, "process_mem_max_rss": "216216", "process_in_blocks": "25288", "process_out_blocks": "1992", "command_success": false}
[0m05:38:13.870990 [debug] [MainThread]: Command `dbt run` failed at 05:38:13.870748 after 4.20 seconds
[0m05:38:13.871769 [debug] [MainThread]: Flushing usage events
[0m05:38:13.913572 [error] [MainThread]: Encountered an error:
[Errno 13] Permission denied: '/dbt/target'
[0m05:38:13.918647 [error] [MainThread]: Traceback (most recent call last):
  File "/home/airflow/.local/lib/python3.11/site-packages/dbt/cli/requires.py", line 138, in wrapper
    result, success = func(*args, **kwargs)
                      ^^^^^^^^^^^^^^^^^^^^^
  File "/home/airflow/.local/lib/python3.11/site-packages/dbt/cli/requires.py", line 101, in wrapper
    return func(*args, **kwargs)
           ^^^^^^^^^^^^^^^^^^^^^
  File "/home/airflow/.local/lib/python3.11/site-packages/dbt/cli/requires.py", line 218, in wrapper
    return func(*args, **kwargs)
           ^^^^^^^^^^^^^^^^^^^^^
  File "/home/airflow/.local/lib/python3.11/site-packages/dbt/cli/requires.py", line 247, in wrapper
    return func(*args, **kwargs)
           ^^^^^^^^^^^^^^^^^^^^^
  File "/home/airflow/.local/lib/python3.11/site-packages/dbt/cli/requires.py", line 294, in wrapper
    return func(*args, **kwargs)
           ^^^^^^^^^^^^^^^^^^^^^
  File "/home/airflow/.local/lib/python3.11/site-packages/dbt/cli/requires.py", line 320, in wrapper
    ctx.obj["manifest"] = parse_manifest(
                          ^^^^^^^^^^^^^^^
  File "/home/airflow/.local/lib/python3.11/site-packages/dbt/parser/manifest.py", line 1898, in parse_manifest
    manifest = ManifestLoader.get_full_manifest(
               ^^^^^^^^^^^^^^^^^^^^^^^^^^^^^^^^^
  File "/home/airflow/.local/lib/python3.11/site-packages/dbt/parser/manifest.py", line 330, in get_full_manifest
    manifest = loader.load()
               ^^^^^^^^^^^^^
  File "/home/airflow/.local/lib/python3.11/site-packages/dbt/parser/manifest.py", line 525, in load
    self.write_manifest_for_partial_parse()
  File "/home/airflow/.local/lib/python3.11/site-packages/dbt/parser/manifest.py", line 812, in write_manifest_for_partial_parse
    make_directory(os.path.dirname(path))
  File "/usr/local/lib/python3.11/functools.py", line 909, in wrapper
    return dispatch(args[0].__class__)(*args, **kw)
           ^^^^^^^^^^^^^^^^^^^^^^^^^^^^^^^^^^^^^^^^
  File "/home/airflow/.local/lib/python3.11/site-packages/dbt_common/clients/system.py", line 209, in _
    raise e
  File "/home/airflow/.local/lib/python3.11/site-packages/dbt_common/clients/system.py", line 203, in _
    os.makedirs(path)
  File "<frozen os>", line 225, in makedirs
PermissionError: [Errno 13] Permission denied: '/dbt/target'

[0m05:38:13.921639 [debug] [MainThread]: Resource report: {"command_name": "run", "command_wall_clock_time": 4.2104106, "process_user_time": 7.197724, "process_kernel_time": 0.657999, "process_mem_max_rss": "216204", "process_in_blocks": "32056", "process_out_blocks": "1656", "command_success": false}
[0m05:38:13.923322 [debug] [MainThread]: Command `dbt run` failed at 05:38:13.922937 after 4.21 seconds
[0m05:38:13.924641 [debug] [MainThread]: Flushing usage events
[0m05:43:20.847376 [debug] [MainThread]: Got an exception trying to initialize tracking


============================== 05:43:20.860876 | e3f68545-b067-4c22-96c8-4c9c5a9dad76 ==============================
[0m05:43:20.860876 [info ] [MainThread]: Running with dbt=1.8.8
[0m05:43:20.862245 [debug] [MainThread]: running dbt with arguments {'printer_width': '80', 'indirect_selection': 'eager', 'write_json': 'True', 'log_cache_events': 'False', 'partial_parse': 'True', 'cache_selected_only': 'False', 'warn_error': 'None', 'debug': 'False', 'fail_fast': 'False', 'log_path': '/opt/airflow/logs', 'profiles_dir': '.', 'version_check': 'True', 'use_colors': 'True', 'use_experimental_parser': 'False', 'no_print': 'None', 'quiet': 'False', 'empty': 'False', 'warn_error_options': 'WarnErrorOptions(include=[], exclude=[])', 'invocation_command': 'dbt run --profiles-dir . --log-path /opt/airflow/logs', 'static_parser': 'True', 'introspect': 'True', 'target_path': 'None', 'log_format': 'default', 'send_anonymous_usage_stats': 'True'}
[0m05:43:21.031192 [debug] [MainThread]: Got an exception trying to initialize tracking


============================== 05:43:21.045747 | 8fe910de-a4f3-41cc-aa49-b77d5a27adb4 ==============================
[0m05:43:21.045747 [info ] [MainThread]: Running with dbt=1.8.8
[0m05:43:21.047065 [debug] [MainThread]: running dbt with arguments {'printer_width': '80', 'indirect_selection': 'eager', 'log_cache_events': 'False', 'write_json': 'True', 'partial_parse': 'True', 'cache_selected_only': 'False', 'warn_error': 'None', 'debug': 'False', 'version_check': 'True', 'log_path': '/opt/airflow/logs', 'fail_fast': 'False', 'profiles_dir': '.', 'use_colors': 'True', 'use_experimental_parser': 'False', 'empty': 'False', 'quiet': 'False', 'no_print': 'None', 'warn_error_options': 'WarnErrorOptions(include=[], exclude=[])', 'static_parser': 'True', 'invocation_command': 'dbt run --profiles-dir . --log-path /opt/airflow/logs', 'introspect': 'True', 'target_path': 'None', 'log_format': 'default', 'send_anonymous_usage_stats': 'True'}
[0m05:43:21.263016 [info ] [MainThread]: Registered adapter: postgres=1.9.1
[0m05:43:21.291188 [debug] [MainThread]: checksum: ec53e341a936509427e16df1c646386a84befec52c1957e3f4359fbc36fc93f5, vars: {}, profile: , target: , version: 1.8.8
[0m05:43:21.293302 [info ] [MainThread]: Unable to do partial parsing because saved manifest not found. Starting full parse.
[0m05:43:21.583320 [info ] [MainThread]: Registered adapter: postgres=1.9.1
[0m05:43:21.612174 [debug] [MainThread]: checksum: ec53e341a936509427e16df1c646386a84befec52c1957e3f4359fbc36fc93f5, vars: {}, profile: , target: , version: 1.8.8
[0m05:43:21.614168 [info ] [MainThread]: Unable to do partial parsing because saved manifest not found. Starting full parse.
[0m05:43:23.991610 [error] [MainThread]: Encountered an error:
[Errno 13] Permission denied: '/dbt/target'
[0m05:43:23.997893 [error] [MainThread]: Traceback (most recent call last):
  File "/home/airflow/.local/lib/python3.11/site-packages/dbt/cli/requires.py", line 138, in wrapper
    result, success = func(*args, **kwargs)
                      ^^^^^^^^^^^^^^^^^^^^^
  File "/home/airflow/.local/lib/python3.11/site-packages/dbt/cli/requires.py", line 101, in wrapper
    return func(*args, **kwargs)
           ^^^^^^^^^^^^^^^^^^^^^
  File "/home/airflow/.local/lib/python3.11/site-packages/dbt/cli/requires.py", line 218, in wrapper
    return func(*args, **kwargs)
           ^^^^^^^^^^^^^^^^^^^^^
  File "/home/airflow/.local/lib/python3.11/site-packages/dbt/cli/requires.py", line 247, in wrapper
    return func(*args, **kwargs)
           ^^^^^^^^^^^^^^^^^^^^^
  File "/home/airflow/.local/lib/python3.11/site-packages/dbt/cli/requires.py", line 294, in wrapper
    return func(*args, **kwargs)
           ^^^^^^^^^^^^^^^^^^^^^
  File "/home/airflow/.local/lib/python3.11/site-packages/dbt/cli/requires.py", line 320, in wrapper
    ctx.obj["manifest"] = parse_manifest(
                          ^^^^^^^^^^^^^^^
  File "/home/airflow/.local/lib/python3.11/site-packages/dbt/parser/manifest.py", line 1898, in parse_manifest
    manifest = ManifestLoader.get_full_manifest(
               ^^^^^^^^^^^^^^^^^^^^^^^^^^^^^^^^^
  File "/home/airflow/.local/lib/python3.11/site-packages/dbt/parser/manifest.py", line 330, in get_full_manifest
    manifest = loader.load()
               ^^^^^^^^^^^^^
  File "/home/airflow/.local/lib/python3.11/site-packages/dbt/parser/manifest.py", line 525, in load
    self.write_manifest_for_partial_parse()
  File "/home/airflow/.local/lib/python3.11/site-packages/dbt/parser/manifest.py", line 812, in write_manifest_for_partial_parse
    make_directory(os.path.dirname(path))
  File "/usr/local/lib/python3.11/functools.py", line 909, in wrapper
    return dispatch(args[0].__class__)(*args, **kw)
           ^^^^^^^^^^^^^^^^^^^^^^^^^^^^^^^^^^^^^^^^
  File "/home/airflow/.local/lib/python3.11/site-packages/dbt_common/clients/system.py", line 209, in _
    raise e
  File "/home/airflow/.local/lib/python3.11/site-packages/dbt_common/clients/system.py", line 203, in _
    os.makedirs(path)
  File "<frozen os>", line 225, in makedirs
PermissionError: [Errno 13] Permission denied: '/dbt/target'

[0m05:43:24.000407 [debug] [MainThread]: Resource report: {"command_name": "run", "command_wall_clock_time": 3.237872, "process_user_time": 5.799542, "process_kernel_time": 0.317824, "process_mem_max_rss": "216280", "process_out_blocks": "16", "command_success": false, "process_in_blocks": "0"}
[0m05:43:24.001875 [debug] [MainThread]: Command `dbt run` failed at 05:43:24.001611 after 3.24 seconds
[0m05:43:24.002862 [debug] [MainThread]: Flushing usage events
[0m05:43:24.825884 [error] [MainThread]: Encountered an error:
[Errno 13] Permission denied: '/dbt/target'
[0m05:43:24.833994 [error] [MainThread]: Traceback (most recent call last):
  File "/home/airflow/.local/lib/python3.11/site-packages/dbt/cli/requires.py", line 138, in wrapper
    result, success = func(*args, **kwargs)
                      ^^^^^^^^^^^^^^^^^^^^^
  File "/home/airflow/.local/lib/python3.11/site-packages/dbt/cli/requires.py", line 101, in wrapper
    return func(*args, **kwargs)
           ^^^^^^^^^^^^^^^^^^^^^
  File "/home/airflow/.local/lib/python3.11/site-packages/dbt/cli/requires.py", line 218, in wrapper
    return func(*args, **kwargs)
           ^^^^^^^^^^^^^^^^^^^^^
  File "/home/airflow/.local/lib/python3.11/site-packages/dbt/cli/requires.py", line 247, in wrapper
    return func(*args, **kwargs)
           ^^^^^^^^^^^^^^^^^^^^^
  File "/home/airflow/.local/lib/python3.11/site-packages/dbt/cli/requires.py", line 294, in wrapper
    return func(*args, **kwargs)
           ^^^^^^^^^^^^^^^^^^^^^
  File "/home/airflow/.local/lib/python3.11/site-packages/dbt/cli/requires.py", line 320, in wrapper
    ctx.obj["manifest"] = parse_manifest(
                          ^^^^^^^^^^^^^^^
  File "/home/airflow/.local/lib/python3.11/site-packages/dbt/parser/manifest.py", line 1898, in parse_manifest
    manifest = ManifestLoader.get_full_manifest(
               ^^^^^^^^^^^^^^^^^^^^^^^^^^^^^^^^^
  File "/home/airflow/.local/lib/python3.11/site-packages/dbt/parser/manifest.py", line 330, in get_full_manifest
    manifest = loader.load()
               ^^^^^^^^^^^^^
  File "/home/airflow/.local/lib/python3.11/site-packages/dbt/parser/manifest.py", line 525, in load
    self.write_manifest_for_partial_parse()
  File "/home/airflow/.local/lib/python3.11/site-packages/dbt/parser/manifest.py", line 812, in write_manifest_for_partial_parse
    make_directory(os.path.dirname(path))
  File "/usr/local/lib/python3.11/functools.py", line 909, in wrapper
    return dispatch(args[0].__class__)(*args, **kw)
           ^^^^^^^^^^^^^^^^^^^^^^^^^^^^^^^^^^^^^^^^
  File "/home/airflow/.local/lib/python3.11/site-packages/dbt_common/clients/system.py", line 209, in _
    raise e
  File "/home/airflow/.local/lib/python3.11/site-packages/dbt_common/clients/system.py", line 203, in _
    os.makedirs(path)
  File "<frozen os>", line 225, in makedirs
PermissionError: [Errno 13] Permission denied: '/dbt/target'

[0m05:43:24.836616 [debug] [MainThread]: Resource report: {"command_name": "run", "command_wall_clock_time": 3.897878, "process_user_time": 6.339714, "process_kernel_time": 0.387741, "process_mem_max_rss": "216284", "process_out_blocks": "8", "command_success": false, "process_in_blocks": "0"}
[0m05:43:24.839625 [debug] [MainThread]: Command `dbt run` failed at 05:43:24.839209 after 3.90 seconds
[0m05:43:24.841230 [debug] [MainThread]: Flushing usage events
