[2026-01-05T06:59:43.895+0000] {taskinstance.py:1957} INFO - Dependencies all met for dep_context=non-requeueable deps ti=<TaskInstance: stock_grok_pipeline.dbt_transform manual__2026-01-05T06:54:14.592230+00:00 [queued]>
[2026-01-05T06:59:43.914+0000] {taskinstance.py:1957} INFO - Dependencies all met for dep_context=requeueable deps ti=<TaskInstance: stock_grok_pipeline.dbt_transform manual__2026-01-05T06:54:14.592230+00:00 [queued]>
[2026-01-05T06:59:43.915+0000] {taskinstance.py:2171} INFO - Starting attempt 2 of 2
[2026-01-05T06:59:43.943+0000] {taskinstance.py:2192} INFO - Executing <Task(BashOperator): dbt_transform> on 2026-01-05 06:54:14.592230+00:00
[2026-01-05T06:59:43.963+0000] {standard_task_runner.py:60} INFO - Started process 484 to run task
[2026-01-05T06:59:43.972+0000] {standard_task_runner.py:87} INFO - Running: ['***', 'tasks', 'run', 'stock_grok_pipeline', 'dbt_transform', 'manual__2026-01-05T06:54:14.592230+00:00', '--job-id', '9', '--raw', '--subdir', 'DAGS_FOLDER/stock_grok_pipeline.py', '--cfg-path', '/tmp/tmp1kw_0rrv']
[2026-01-05T06:59:43.984+0000] {standard_task_runner.py:88} INFO - Job 9: Subtask dbt_transform
[2026-01-05T06:59:44.113+0000] {task_command.py:423} INFO - Running <TaskInstance: stock_grok_pipeline.dbt_transform manual__2026-01-05T06:54:14.592230+00:00 [running]> on host cb3ca8cc5cc5
[2026-01-05T06:59:44.324+0000] {taskinstance.py:2481} INFO - Exporting env vars: AIRFLOW_CTX_DAG_OWNER='***' AIRFLOW_CTX_DAG_ID='stock_grok_pipeline' AIRFLOW_CTX_TASK_ID='dbt_transform' AIRFLOW_CTX_EXECUTION_DATE='2026-01-05T06:54:14.592230+00:00' AIRFLOW_CTX_TRY_NUMBER='2' AIRFLOW_CTX_DAG_RUN_ID='manual__2026-01-05T06:54:14.592230+00:00'
[2026-01-05T06:59:44.328+0000] {subprocess.py:63} INFO - Tmp dir root location: /tmp
[2026-01-05T06:59:44.329+0000] {subprocess.py:75} INFO - Running command: ['/usr/bin/bash', '-c', 'cd /dbt && dbt run --profiles-dir .']
[2026-01-05T06:59:44.356+0000] {subprocess.py:86} INFO - Output:
[2026-01-05T06:59:49.433+0000] {subprocess.py:97} INFO - Command exited with return code 2
[2026-01-05T06:59:49.472+0000] {taskinstance.py:2699} ERROR - Task failed with exception
Traceback (most recent call last):
  File "/home/airflow/.local/lib/python3.11/site-packages/airflow/models/taskinstance.py", line 433, in _execute_task
    result = execute_callable(context=context, **execute_callable_kwargs)
             ^^^^^^^^^^^^^^^^^^^^^^^^^^^^^^^^^^^^^^^^^^^^^^^^^^^^^^^^^^^^
  File "/home/airflow/.local/lib/python3.11/site-packages/airflow/operators/bash.py", line 212, in execute
    raise AirflowException(
airflow.exceptions.AirflowException: Bash command failed. The command returned a non-zero exit code 2.
[2026-01-05T06:59:49.492+0000] {taskinstance.py:1138} INFO - Marking task as FAILED. dag_id=stock_grok_pipeline, task_id=dbt_transform, execution_date=20260105T065414, start_date=20260105T065943, end_date=20260105T065949
[2026-01-05T06:59:49.536+0000] {standard_task_runner.py:107} ERROR - Failed to execute job 9 for task dbt_transform (Bash command failed. The command returned a non-zero exit code 2.; 484)
[2026-01-05T06:59:49.624+0000] {local_task_job_runner.py:234} INFO - Task exited with return code 1
[2026-01-05T06:59:49.690+0000] {taskinstance.py:3281} INFO - 0 downstream tasks scheduled from follow-on schedule check
