[2026-01-05T04:37:42.055+0000] {taskinstance.py:1957} INFO - Dependencies all met for dep_context=non-requeueable deps ti=<TaskInstance: stock_grok_pipeline.dbt_transform scheduled__2026-01-01T16:00:00+00:00 [queued]>
[2026-01-05T04:37:42.071+0000] {taskinstance.py:1957} INFO - Dependencies all met for dep_context=requeueable deps ti=<TaskInstance: stock_grok_pipeline.dbt_transform scheduled__2026-01-01T16:00:00+00:00 [queued]>
[2026-01-05T04:37:42.071+0000] {taskinstance.py:2171} INFO - Starting attempt 1 of 2
[2026-01-05T04:37:42.096+0000] {taskinstance.py:2192} INFO - Executing <Task(BashOperator): dbt_transform> on 2026-01-01 16:00:00+00:00
[2026-01-05T04:37:42.108+0000] {standard_task_runner.py:60} INFO - Started process 218 to run task
[2026-01-05T04:37:42.113+0000] {standard_task_runner.py:87} INFO - Running: ['***', 'tasks', 'run', 'stock_grok_pipeline', 'dbt_transform', 'scheduled__2026-01-01T16:00:00+00:00', '--job-id', '4', '--raw', '--subdir', 'DAGS_FOLDER/stock_grok_pipeline.py', '--cfg-path', '/tmp/tmp_5rnhttg']
[2026-01-05T04:37:42.123+0000] {standard_task_runner.py:88} INFO - Job 4: Subtask dbt_transform
[2026-01-05T04:37:42.213+0000] {task_command.py:423} INFO - Running <TaskInstance: stock_grok_pipeline.dbt_transform scheduled__2026-01-01T16:00:00+00:00 [running]> on host d515fa3a7493
[2026-01-05T04:37:42.376+0000] {taskinstance.py:2481} INFO - Exporting env vars: AIRFLOW_CTX_DAG_OWNER='***' AIRFLOW_CTX_DAG_ID='stock_grok_pipeline' AIRFLOW_CTX_TASK_ID='dbt_transform' AIRFLOW_CTX_EXECUTION_DATE='2026-01-01T16:00:00+00:00' AIRFLOW_CTX_TRY_NUMBER='1' AIRFLOW_CTX_DAG_RUN_ID='scheduled__2026-01-01T16:00:00+00:00'
[2026-01-05T04:37:42.378+0000] {subprocess.py:63} INFO - Tmp dir root location: /tmp
[2026-01-05T04:37:42.379+0000] {subprocess.py:75} INFO - Running command: ['/usr/bin/bash', '-c', 'cd /dbt && dbt run --profiles-dir .']
[2026-01-05T04:37:42.407+0000] {subprocess.py:86} INFO - Output:
[2026-01-05T04:37:47.337+0000] {subprocess.py:97} INFO - Command exited with return code 2
[2026-01-05T04:37:47.369+0000] {taskinstance.py:2699} ERROR - Task failed with exception
Traceback (most recent call last):
  File "/home/airflow/.local/lib/python3.11/site-packages/airflow/models/taskinstance.py", line 433, in _execute_task
    result = execute_callable(context=context, **execute_callable_kwargs)
             ^^^^^^^^^^^^^^^^^^^^^^^^^^^^^^^^^^^^^^^^^^^^^^^^^^^^^^^^^^^^
  File "/home/airflow/.local/lib/python3.11/site-packages/airflow/operators/bash.py", line 212, in execute
    raise AirflowException(
airflow.exceptions.AirflowException: Bash command failed. The command returned a non-zero exit code 2.
[2026-01-05T04:37:47.388+0000] {taskinstance.py:1138} INFO - Marking task as UP_FOR_RETRY. dag_id=stock_grok_pipeline, task_id=dbt_transform, execution_date=20260101T160000, start_date=20260105T043742, end_date=20260105T043747
[2026-01-05T04:37:47.417+0000] {standard_task_runner.py:107} ERROR - Failed to execute job 4 for task dbt_transform (Bash command failed. The command returned a non-zero exit code 2.; 218)
[2026-01-05T04:37:47.456+0000] {local_task_job_runner.py:234} INFO - Task exited with return code 1
[2026-01-05T04:37:47.528+0000] {taskinstance.py:3281} INFO - 0 downstream tasks scheduled from follow-on schedule check
[2026-01-05T05:11:01.205+0000] {taskinstance.py:1957} INFO - Dependencies all met for dep_context=non-requeueable deps ti=<TaskInstance: stock_grok_pipeline.dbt_transform scheduled__2026-01-01T16:00:00+00:00 [queued]>
[2026-01-05T05:11:01.222+0000] {taskinstance.py:1957} INFO - Dependencies all met for dep_context=requeueable deps ti=<TaskInstance: stock_grok_pipeline.dbt_transform scheduled__2026-01-01T16:00:00+00:00 [queued]>
[2026-01-05T05:11:01.223+0000] {taskinstance.py:2171} INFO - Starting attempt 1 of 2
[2026-01-05T05:11:01.248+0000] {taskinstance.py:2192} INFO - Executing <Task(BashOperator): dbt_transform> on 2026-01-01 16:00:00+00:00
[2026-01-05T05:11:01.261+0000] {standard_task_runner.py:60} INFO - Started process 224 to run task
[2026-01-05T05:11:01.267+0000] {standard_task_runner.py:87} INFO - Running: ['***', 'tasks', 'run', 'stock_grok_pipeline', 'dbt_transform', 'scheduled__2026-01-01T16:00:00+00:00', '--job-id', '6', '--raw', '--subdir', 'DAGS_FOLDER/stock_grok_pipeline.py', '--cfg-path', '/tmp/tmpac1b0638']
[2026-01-05T05:11:01.274+0000] {standard_task_runner.py:88} INFO - Job 6: Subtask dbt_transform
[2026-01-05T05:11:01.397+0000] {task_command.py:423} INFO - Running <TaskInstance: stock_grok_pipeline.dbt_transform scheduled__2026-01-01T16:00:00+00:00 [running]> on host cbd2c1ec67e8
[2026-01-05T05:11:01.604+0000] {taskinstance.py:2481} INFO - Exporting env vars: AIRFLOW_CTX_DAG_OWNER='***' AIRFLOW_CTX_DAG_ID='stock_grok_pipeline' AIRFLOW_CTX_TASK_ID='dbt_transform' AIRFLOW_CTX_EXECUTION_DATE='2026-01-01T16:00:00+00:00' AIRFLOW_CTX_TRY_NUMBER='1' AIRFLOW_CTX_DAG_RUN_ID='scheduled__2026-01-01T16:00:00+00:00'
[2026-01-05T05:11:01.607+0000] {subprocess.py:63} INFO - Tmp dir root location: /tmp
[2026-01-05T05:11:01.608+0000] {subprocess.py:75} INFO - Running command: ['/usr/bin/bash', '-c', 'cd /dbt && dbt run --profiles-dir .']
[2026-01-05T05:11:01.654+0000] {subprocess.py:86} INFO - Output:
[2026-01-05T05:11:07.883+0000] {subprocess.py:97} INFO - Command exited with return code 2
[2026-01-05T05:11:07.912+0000] {taskinstance.py:2699} ERROR - Task failed with exception
Traceback (most recent call last):
  File "/home/airflow/.local/lib/python3.11/site-packages/airflow/models/taskinstance.py", line 433, in _execute_task
    result = execute_callable(context=context, **execute_callable_kwargs)
             ^^^^^^^^^^^^^^^^^^^^^^^^^^^^^^^^^^^^^^^^^^^^^^^^^^^^^^^^^^^^
  File "/home/airflow/.local/lib/python3.11/site-packages/airflow/operators/bash.py", line 212, in execute
    raise AirflowException(
airflow.exceptions.AirflowException: Bash command failed. The command returned a non-zero exit code 2.
[2026-01-05T05:11:07.924+0000] {taskinstance.py:1138} INFO - Marking task as UP_FOR_RETRY. dag_id=stock_grok_pipeline, task_id=dbt_transform, execution_date=20260101T160000, start_date=20260105T051101, end_date=20260105T051107
[2026-01-05T05:11:07.950+0000] {standard_task_runner.py:107} ERROR - Failed to execute job 6 for task dbt_transform (Bash command failed. The command returned a non-zero exit code 2.; 224)
[2026-01-05T05:11:07.976+0000] {local_task_job_runner.py:234} INFO - Task exited with return code 1
[2026-01-05T05:11:08.031+0000] {taskinstance.py:3281} INFO - 0 downstream tasks scheduled from follow-on schedule check
[2026-01-05T06:54:31.704+0000] {taskinstance.py:1957} INFO - Dependencies all met for dep_context=non-requeueable deps ti=<TaskInstance: stock_grok_pipeline.dbt_transform scheduled__2026-01-01T16:00:00+00:00 [queued]>
[2026-01-05T06:54:31.724+0000] {taskinstance.py:1957} INFO - Dependencies all met for dep_context=requeueable deps ti=<TaskInstance: stock_grok_pipeline.dbt_transform scheduled__2026-01-01T16:00:00+00:00 [queued]>
[2026-01-05T06:54:31.725+0000] {taskinstance.py:2171} INFO - Starting attempt 1 of 2
[2026-01-05T06:54:31.746+0000] {taskinstance.py:2192} INFO - Executing <Task(BashOperator): dbt_transform> on 2026-01-01 16:00:00+00:00
[2026-01-05T06:54:31.762+0000] {standard_task_runner.py:60} INFO - Started process 416 to run task
[2026-01-05T06:54:31.769+0000] {standard_task_runner.py:87} INFO - Running: ['***', 'tasks', 'run', 'stock_grok_pipeline', 'dbt_transform', 'scheduled__2026-01-01T16:00:00+00:00', '--job-id', '7', '--raw', '--subdir', 'DAGS_FOLDER/stock_grok_pipeline.py', '--cfg-path', '/tmp/tmp7ex69bcl']
[2026-01-05T06:54:31.781+0000] {standard_task_runner.py:88} INFO - Job 7: Subtask dbt_transform
[2026-01-05T06:54:31.893+0000] {task_command.py:423} INFO - Running <TaskInstance: stock_grok_pipeline.dbt_transform scheduled__2026-01-01T16:00:00+00:00 [running]> on host cb3ca8cc5cc5
[2026-01-05T06:54:32.086+0000] {taskinstance.py:2481} INFO - Exporting env vars: AIRFLOW_CTX_DAG_OWNER='***' AIRFLOW_CTX_DAG_ID='stock_grok_pipeline' AIRFLOW_CTX_TASK_ID='dbt_transform' AIRFLOW_CTX_EXECUTION_DATE='2026-01-01T16:00:00+00:00' AIRFLOW_CTX_TRY_NUMBER='1' AIRFLOW_CTX_DAG_RUN_ID='scheduled__2026-01-01T16:00:00+00:00'
[2026-01-05T06:54:32.091+0000] {subprocess.py:63} INFO - Tmp dir root location: /tmp
[2026-01-05T06:54:32.092+0000] {subprocess.py:75} INFO - Running command: ['/usr/bin/bash', '-c', 'cd /dbt && dbt run --profiles-dir .']
[2026-01-05T06:54:32.140+0000] {subprocess.py:86} INFO - Output:
[2026-01-05T06:54:39.033+0000] {subprocess.py:97} INFO - Command exited with return code 2
[2026-01-05T06:54:39.067+0000] {taskinstance.py:2699} ERROR - Task failed with exception
Traceback (most recent call last):
  File "/home/airflow/.local/lib/python3.11/site-packages/airflow/models/taskinstance.py", line 433, in _execute_task
    result = execute_callable(context=context, **execute_callable_kwargs)
             ^^^^^^^^^^^^^^^^^^^^^^^^^^^^^^^^^^^^^^^^^^^^^^^^^^^^^^^^^^^^
  File "/home/airflow/.local/lib/python3.11/site-packages/airflow/operators/bash.py", line 212, in execute
    raise AirflowException(
airflow.exceptions.AirflowException: Bash command failed. The command returned a non-zero exit code 2.
[2026-01-05T06:54:39.077+0000] {taskinstance.py:1138} INFO - Marking task as UP_FOR_RETRY. dag_id=stock_grok_pipeline, task_id=dbt_transform, execution_date=20260101T160000, start_date=20260105T065431, end_date=20260105T065439
[2026-01-05T06:54:39.104+0000] {standard_task_runner.py:107} ERROR - Failed to execute job 7 for task dbt_transform (Bash command failed. The command returned a non-zero exit code 2.; 416)
[2026-01-05T06:54:39.139+0000] {local_task_job_runner.py:234} INFO - Task exited with return code 1
[2026-01-05T06:54:39.189+0000] {taskinstance.py:3281} INFO - 0 downstream tasks scheduled from follow-on schedule check
